2025-12-11 08:15:29,773 - __main__ - INFO - Iniciando aplicação de biblioteca...
2025-12-11 08:15:30,165 - __main__ - ERROR - Erro ao importar módulos: cannot import name 'MenuPrincipal' from 'src.views' (C:\Users\gabel\Documents\Programação\VsCode\Prj - Grandes\sis.biblioteca-prt\Biblioteca\Python\src\views\__init__.py)
2025-12-11 09:00:42,884 - __main__ - INFO - Iniciando aplicação de biblioteca...
2025-12-11 09:00:43,103 - __main__ - INFO - Criando janela principal...
2025-12-11 09:00:43,485 - __main__ - INFO - Iniciando loop principal...
2025-12-11 09:00:47,437 - __main__ - INFO - Aplicação finalizada com sucesso
2025-12-11 09:04:30,589 - __main__ - INFO - Iniciando aplicação de biblioteca...
2025-12-11 09:04:30,800 - __main__ - INFO - Criando janela principal...
2025-12-11 09:04:31,107 - __main__ - INFO - Iniciando loop principal...
2025-12-11 09:05:10,358 - __main__ - INFO - Aplicação finalizada com sucesso
2025-12-11 09:07:50,232 - __main__ - INFO - Iniciando aplicação de biblioteca...
2025-12-11 09:07:50,363 - __main__ - ERROR - Erro ao importar módulos: No module named 'src.views.tela_consulta_cliente'
2025-12-11 09:09:10,607 - __main__ - INFO - Iniciando aplicação de biblioteca...
2025-12-11 09:09:10,732 - __main__ - ERROR - Erro ao importar módulos: No module named 'src.views.tela_consulta_cliente'
2025-12-11 09:22:52,602 - __main__ - INFO - Iniciando aplicação de biblioteca...
2025-12-11 09:22:52,831 - __main__ - INFO - Criando janela principal...
2025-12-11 09:22:53,150 - __main__ - INFO - Iniciando loop principal...
2025-12-11 09:23:35,944 - __main__ - INFO - Aplicação finalizada com sucesso
2025-12-11 09:26:14,579 - __main__ - INFO - Iniciando aplicação de biblioteca...
2025-12-11 09:26:14,799 - __main__ - INFO - Criando janela principal...
2025-12-11 09:26:15,130 - __main__ - INFO - Iniciando loop principal...
2025-12-11 09:27:01,350 - __main__ - INFO - Aplicação finalizada com sucesso
2025-12-11 09:28:24,534 - __main__ - INFO - Iniciando aplicação de biblioteca...
2025-12-11 09:28:24,753 - __main__ - INFO - Criando janela principal...
2025-12-11 09:28:25,060 - __main__ - INFO - Iniciando loop principal...
2025-12-11 09:28:35,975 - __main__ - INFO - Aplicação finalizada com sucesso
2025-12-11 09:32:53,876 - __main__ - INFO - Iniciando aplicação de biblioteca...
2025-12-11 09:32:54,081 - __main__ - INFO - Criando janela principal...
2025-12-11 09:32:54,405 - __main__ - INFO - Iniciando loop principal...
2025-12-11 09:33:06,956 - __main__ - INFO - Aplicação finalizada com sucesso
