2025-12-10 08:17:29:1729 [32minfo[39m: [32m✅ Variáveis de ambiente configuradas[39m
2025-12-10 08:17:29:1729 [32minfo[39m: [32m🚀 Servidor rodando na porta 3000[39m
2025-12-10 08:17:29:1729 [32minfo[39m: [32m📍 Health check: http://localhost:3000/health[39m
2025-12-10 08:17:29:1729 [32minfo[39m: [32m📚 Documentação: http://localhost:3000/api-docs[39m
2025-12-10 08:19:47:1947 [35mhttp[39m: [35mGET /reservas[39m
2025-12-10 08:19:47:1947 [35mhttp[39m: [35mGET /reservas - Status: 404 - 5ms[39m
2025-12-10 08:19:47:1947 [33mwarn[39m: [33mErro na requisição: GET /reservas - 404[39m
2025-12-10 08:24:52:2452 [35mhttp[39m: [35mGET /cliente[39m
2025-12-10 08:24:54:2454 [35mhttp[39m: [35mGET /cliente - Status: 200 - 1701ms[39m
2025-12-10 08:24:59:2459 [35mhttp[39m: [35mGET /cliente[39m
2025-12-10 08:24:59:2459 [35mhttp[39m: [35mGET /cliente - Status: 200 - 263ms[39m
2025-12-10 08:25:06:256 [35mhttp[39m: [35mGET /endereco[39m
2025-12-10 08:25:06:256 [35mhttp[39m: [35mGET /endereco - Status: 200 - 162ms[39m
2025-12-10 08:28:44:2844 [32minfo[39m: [32m✅ Variáveis de ambiente configuradas[39m
2025-12-10 08:28:44:2844 [32minfo[39m: [32m🚀 Servidor rodando na porta 3000[39m
2025-12-10 08:28:44:2844 [32minfo[39m: [32m📍 Health check: http://localhost:3000/health[39m
2025-12-10 08:28:44:2844 [32minfo[39m: [32m📚 Documentação: http://localhost:3000/api-docs[39m
2025-12-10 08:29:42:2942 [32minfo[39m: [32m✅ Variáveis de ambiente configuradas[39m
2025-12-10 08:29:42:2942 [32minfo[39m: [32m🚀 Servidor rodando na porta 3000[39m
2025-12-10 08:29:42:2942 [32minfo[39m: [32m📍 Health check: http://localhost:3000/health[39m
2025-12-10 08:29:42:2942 [32minfo[39m: [32m📚 Documentação: http://localhost:3000/api-docs[39m
2025-12-10 08:30:20:3020 [35mhttp[39m: [35mGET /cliente[39m
2025-12-10 08:33:05:335 [32minfo[39m: [32m✅ Variáveis de ambiente configuradas[39m
2025-12-10 08:33:05:335 [32minfo[39m: [32m🚀 Servidor rodando na porta 3000[39m
2025-12-10 08:33:05:335 [32minfo[39m: [32m📍 Health check: http://localhost:3000/health[39m
2025-12-10 08:33:05:335 [32minfo[39m: [32m📚 Documentação: http://localhost:3000/api-docs[39m
2025-12-10 08:33:05:335 [35mhttp[39m: [35mGET /health[39m
2025-12-10 08:33:05:335 [35mhttp[39m: [35mGET /health - Status: 200 - 1ms[39m
2025-12-10 08:33:20:3320 [35mhttp[39m: [35mGET /cliente[39m
2025-12-10 08:33:21:3321 [35mhttp[39m: [35mGET /cliente - Status: 200 - 1131ms[39m
2025-12-10 08:33:24:3324 [35mhttp[39m: [35mGET /cliente[39m
2025-12-10 08:33:24:3324 [35mhttp[39m: [35mGET /cliente - Status: 200 - 197ms[39m
2025-12-10 08:39:11:3911 [35mhttp[39m: [35mGET /health[39m
2025-12-10 08:39:11:3911 [35mhttp[39m: [35mGET /health - Status: 200 - 1ms[39m
2025-12-10 08:39:12:3912 [32minfo[39m: [32m✅ Variáveis de ambiente configuradas[39m
2025-12-10 08:39:12:3912 [32minfo[39m: [32m🚀 Servidor rodando na porta 3000[39m
2025-12-10 08:39:12:3912 [32minfo[39m: [32m📍 Health check: http://localhost:3000/health[39m
2025-12-10 08:39:12:3912 [32minfo[39m: [32m📚 Documentação: http://localhost:3000/api-docs[39m
2025-12-10 08:39:23:3923 [35mhttp[39m: [35mGET /cliente[39m
2025-12-10 08:39:24:3924 [35mhttp[39m: [35mGET /cliente - Status: 200 - 674ms[39m
2025-12-10 08:40:20:4020 [35mhttp[39m: [35mGET /health[39m
2025-12-10 08:40:20:4020 [35mhttp[39m: [35mGET /health - Status: 200 - 0ms[39m
2025-12-10 08:40:20:4020 [32minfo[39m: [32m✅ Variáveis de ambiente configuradas[39m
2025-12-10 08:40:20:4020 [32minfo[39m: [32m🚀 Servidor rodando na porta 3000[39m
2025-12-10 08:40:20:4020 [32minfo[39m: [32m📍 Health check: http://localhost:3000/health[39m
2025-12-10 08:40:20:4020 [32minfo[39m: [32m📚 Documentação: http://localhost:3000/api-docs[39m
2025-12-10 08:42:43:4243 [35mhttp[39m: [35mGET /cliente[39m
2025-12-10 08:42:44:4244 [35mhttp[39m: [35mGET /cliente - Status: 200 - 496ms[39m
2025-12-10 08:42:57:4257 [35mhttp[39m: [35mGET /genero[39m
2025-12-10 08:42:57:4257 [35mhttp[39m: [35mGET /genero - Status: 404 - 104ms[39m
2025-12-10 08:42:57:4257 [33mwarn[39m: [33mErro na requisição: GET /genero - 404[39m
2025-12-10 08:43:06:436 [35mhttp[39m: [35mGET /genero[39m
2025-12-10 08:43:06:436 [35mhttp[39m: [35mGET /genero - Status: 200 - 313ms[39m
2025-12-10 08:43:56:4356 [35mhttp[39m: [35mGET /livro[39m
2025-12-10 08:43:56:4356 [35mhttp[39m: [35mGET /livro - Status: 400 - 1ms[39m
2025-12-10 08:43:56:4356 [33mwarn[39m: [33mErro na requisição: GET /livro - 400[39m
2025-12-10 08:46:46:4646 [35mhttp[39m: [35mGET /health[39m
2025-12-10 08:46:46:4646 [35mhttp[39m: [35mGET /health - Status: 200 - 0ms[39m
2025-12-10 08:46:47:4647 [32minfo[39m: [32m✅ Variáveis de ambiente configuradas[39m
2025-12-10 08:46:47:4647 [32minfo[39m: [32m🚀 Servidor rodando na porta 3000[39m
2025-12-10 08:46:47:4647 [32minfo[39m: [32m📍 Health check: http://localhost:3000/health[39m
2025-12-10 08:46:47:4647 [32minfo[39m: [32m📚 Documentação: http://localhost:3000/api-docs[39m
2025-12-10 08:46:56:4656 [35mhttp[39m: [35mGET /genero[39m
2025-12-10 08:46:57:4657 [35mhttp[39m: [35mGET /genero - Status: 200 - 916ms[39m
2025-12-10 08:51:23:5123 [35mhttp[39m: [35mGET /health[39m
2025-12-10 08:51:23:5123 [35mhttp[39m: [35mGET /health - Status: 200 - 1ms[39m
2025-12-10 08:51:24:5124 [32minfo[39m: [32m✅ Variáveis de ambiente configuradas[39m
2025-12-10 08:51:24:5124 [32minfo[39m: [32m🚀 Servidor rodando na porta 3000[39m
2025-12-10 08:51:24:5124 [32minfo[39m: [32m📍 Health check: http://localhost:3000/health[39m
2025-12-10 08:51:24:5124 [32minfo[39m: [32m📚 Documentação: http://localhost:3000/api-docs[39m
2025-12-10 08:51:31:5131 [35mhttp[39m: [35mGET /genero[39m
2025-12-10 08:51:31:5131 [35mhttp[39m: [35mGET /genero - Status: 200 - 748ms[39m
2025-12-10 08:51:43:5143 [35mhttp[39m: [35mGET /genero[39m
2025-12-10 08:51:44:5144 [35mhttp[39m: [35mGET /genero - Status: 200 - 221ms[39m
2025-12-10 08:51:52:5152 [35mhttp[39m: [35mGET /genero[39m
2025-12-10 08:51:52:5152 [35mhttp[39m: [35mGET /genero - Status: 200 - 433ms[39m
2025-12-10 09:18:08:188 [35mhttp[39m: [35mGET /health[39m
2025-12-10 09:18:09:189 [32minfo[39m: [32m✅ Variáveis de ambiente configuradas[39m
2025-12-10 09:18:09:189 [32minfo[39m: [32m🚀 Servidor rodando na porta 3000[39m
2025-12-10 09:18:09:189 [32minfo[39m: [32m📍 Health check: http://localhost:3000/health[39m
2025-12-10 09:18:09:189 [32minfo[39m: [32m📚 Documentação: http://localhost:3000/api-docs[39m
2025-12-10 09:29:37:2937 [32minfo[39m: [32m✅ Variáveis de ambiente configuradas[39m
2025-12-10 09:29:37:2937 [32minfo[39m: [32m🚀 Servidor rodando na porta 3000[39m
2025-12-10 09:29:37:2937 [32minfo[39m: [32m📍 Health check: http://localhost:3000/health[39m
2025-12-10 09:29:37:2937 [32minfo[39m: [32m📚 Documentação: http://localhost:3000/api-docs[39m
2025-12-10 09:29:37:2937 [35mhttp[39m: [35mGET /health[39m
2025-12-10 09:29:37:2937 [35mhttp[39m: [35mGET /health - Status: 200 - 0ms[39m
2025-12-10 09:29:44:2944 [35mhttp[39m: [35mGET /genero[39m
2025-12-10 09:29:45:2945 [35mhttp[39m: [35mGET /genero - Status: 500 - 1497ms[39m
2025-12-10 09:29:45:2945 [33mwarn[39m: [33mErro na requisição: GET /genero - 500[39m
2025-12-10 09:30:05:305 [35mhttp[39m: [35mGET /health[39m
2025-12-10 09:30:05:305 [35mhttp[39m: [35mGET /health - Status: 200 - 0ms[39m
2025-12-10 09:30:05:305 [32minfo[39m: [32m✅ Variáveis de ambiente configuradas[39m
2025-12-10 09:30:05:305 [32minfo[39m: [32m🚀 Servidor rodando na porta 3000[39m
2025-12-10 09:30:05:305 [32minfo[39m: [32m📍 Health check: http://localhost:3000/health[39m
2025-12-10 09:30:05:305 [32minfo[39m: [32m📚 Documentação: http://localhost:3000/api-docs[39m
2025-12-10 09:30:11:3011 [35mhttp[39m: [35mGET /genero[39m
2025-12-10 09:30:11:3011 [35mhttp[39m: [35mGET /genero - Status: 500 - 384ms[39m
2025-12-10 09:30:11:3011 [33mwarn[39m: [33mErro na requisição: GET /genero - 500[39m
2025-12-10 09:42:30:4230 [35mhttp[39m: [35mGET /health[39m
2025-12-10 09:42:30:4230 [35mhttp[39m: [35mGET /health - Status: 200 - 0ms[39m
2025-12-10 09:42:30:4230 [32minfo[39m: [32m✅ Variáveis de ambiente configuradas[39m
2025-12-10 09:42:30:4230 [32minfo[39m: [32m🚀 Servidor rodando na porta 3000[39m
2025-12-10 09:42:30:4230 [32minfo[39m: [32m📍 Health check: http://localhost:3000/health[39m
2025-12-10 09:42:30:4230 [32minfo[39m: [32m📚 Documentação: http://localhost:3000/api-docs[39m
2025-12-10 09:42:37:4237 [35mhttp[39m: [35mGET /genero[39m
2025-12-10 09:42:38:4238 [35mhttp[39m: [35mGET /genero - Status: 500 - 1090ms[39m
2025-12-10 09:42:38:4238 [33mwarn[39m: [33mErro na requisição: GET /genero - 500[39m
2025-12-10 09:46:35:4635 [35mhttp[39m: [35mGET /genero[39m
2025-12-10 09:46:36:4636 [35mhttp[39m: [35mGET /genero - Status: 500 - 864ms[39m
2025-12-10 09:46:36:4636 [33mwarn[39m: [33mErro na requisição: GET /genero - 500[39m
2025-12-10 09:48:25:4825 [32minfo[39m: [32m✅ Variáveis de ambiente configuradas[39m
2025-12-10 09:48:25:4825 [32minfo[39m: [32m🚀 Servidor rodando na porta 3000[39m
2025-12-10 09:48:25:4825 [32minfo[39m: [32m📍 Health check: http://localhost:3000/health[39m
2025-12-10 09:48:25:4825 [32minfo[39m: [32m📚 Documentação: http://localhost:3000/api-docs[39m
2025-12-10 09:48:26:4826 [35mhttp[39m: [35mGET /health[39m
2025-12-10 09:48:26:4826 [35mhttp[39m: [35mGET /health - Status: 200 - 1ms[39m
2025-12-10 09:48:30:4830 [35mhttp[39m: [35mGET /genero[39m
2025-12-10 09:48:31:4831 [35mhttp[39m: [35mGET /genero - Status: 200 - 826ms[39m
2025-12-10 09:48:43:4843 [35mhttp[39m: [35mGET /reservas[39m
2025-12-10 09:48:43:4843 [35mhttp[39m: [35mGET /reservas - Status: 404 - 1ms[39m
2025-12-10 09:48:43:4843 [33mwarn[39m: [33mErro na requisição: GET /reservas - 404[39m
2025-12-10 09:58:21:5821 [32minfo[39m: [32m✅ Variáveis de ambiente configuradas[39m
2025-12-10 09:58:21:5821 [32minfo[39m: [32m🚀 Servidor rodando na porta 3000[39m
2025-12-10 09:58:21:5821 [32minfo[39m: [32m📍 Health check: http://localhost:3000/health[39m
2025-12-10 09:58:21:5821 [32minfo[39m: [32m📚 Documentação: http://localhost:3000/api-docs[39m
2025-12-10 09:58:22:5822 [35mhttp[39m: [35mGET /health[39m
2025-12-10 09:58:22:5822 [35mhttp[39m: [35mGET /health - Status: 200 - 1ms[39m
2025-12-10 09:58:33:5833 [35mhttp[39m: [35mGET /reservas[39m
2025-12-10 09:58:34:5834 [35mhttp[39m: [35mGET /reservas - Status: 200 - 775ms[39m
2025-12-10 09:59:19:5919 [35mhttp[39m: [35mGET /cliente[39m
2025-12-10 09:59:19:5919 [35mhttp[39m: [35mGET /cliente - Status: 200 - 381ms[39m
2025-12-10 09:59:26:5926 [35mhttp[39m: [35mGET /cliente[39m
2025-12-10 09:59:26:5926 [35mhttp[39m: [35mGET /cliente - Status: 200 - 240ms[39m
2025-12-10 09:59:29:5929 [35mhttp[39m: [35mGET /genero[39m
2025-12-10 09:59:30:5930 [35mhttp[39m: [35mGET /genero - Status: 200 - 240ms[39m
2025-12-10 10:00:18:018 [35mhttp[39m: [35mGET /cliente[39m
2025-12-10 10:00:18:018 [35mhttp[39m: [35mGET /cliente - Status: 400 - 1ms[39m
2025-12-10 10:00:18:018 [33mwarn[39m: [33mErro na requisição: GET /cliente - 400[39m
2025-12-10 10:00:26:026 [35mhttp[39m: [35mGET /cliente[39m
2025-12-10 10:00:26:026 [35mhttp[39m: [35mGET /cliente - Status: 400 - 0ms[39m
2025-12-10 10:00:26:026 [33mwarn[39m: [33mErro na requisição: GET /cliente - 400[39m
2025-12-10 10:00:43:043 [35mhttp[39m: [35mGET /cliente[39m
2025-12-10 10:00:43:043 [35mhttp[39m: [35mGET /cliente - Status: 200 - 440ms[39m
2025-12-10 10:01:06:16 [35mhttp[39m: [35mGET /cliente[39m
2025-12-10 10:01:06:16 [35mhttp[39m: [35mGET /cliente - Status: 400 - 1ms[39m
2025-12-10 10:01:06:16 [33mwarn[39m: [33mErro na requisição: GET /cliente - 400[39m
2025-12-10 10:01:10:110 [35mhttp[39m: [35mGET /livro[39m
2025-12-10 10:01:10:110 [35mhttp[39m: [35mGET /livro - Status: 400 - 1ms[39m
2025-12-10 10:01:10:110 [33mwarn[39m: [33mErro na requisição: GET /livro - 400[39m
2025-12-10 10:03:51:351 [32minfo[39m: [32m✅ Variáveis de ambiente configuradas[39m
2025-12-10 10:03:51:351 [32minfo[39m: [32m🚀 Servidor rodando na porta 3000[39m
2025-12-10 10:03:51:351 [32minfo[39m: [32m📍 Health check: http://localhost:3000/health[39m
2025-12-10 10:03:51:351 [32minfo[39m: [32m📚 Documentação: http://localhost:3000/api-docs[39m
2025-12-10 10:03:51:351 [35mhttp[39m: [35mGET /health[39m
2025-12-10 10:03:51:351 [35mhttp[39m: [35mGET /health - Status: 200 - 1ms[39m
2025-12-10 10:04:07:47 [35mhttp[39m: [35mGET /livro[39m
2025-12-10 10:04:07:47 [35mhttp[39m: [35mGET /livro - Status: 400 - 5ms[39m
2025-12-10 10:04:07:47 [33mwarn[39m: [33mErro na requisição: GET /livro - 400[39m
2025-12-10 10:04:12:412 [35mhttp[39m: [35mGET /livro[39m
2025-12-10 10:04:12:412 [35mhttp[39m: [35mGET /livro - Status: 400 - 0ms[39m
2025-12-10 10:04:12:412 [33mwarn[39m: [33mErro na requisição: GET /livro - 400[39m
2025-12-11 08:13:32:1332 [32minfo[39m: [32m✅ Variáveis de ambiente configuradas[39m
2025-12-11 08:13:32:1332 [32minfo[39m: [32m🚀 Servidor rodando na porta 3000[39m
2025-12-11 08:13:32:1332 [32minfo[39m: [32m📍 Health check: http://localhost:3000/health[39m
2025-12-11 08:13:32:1332 [32minfo[39m: [32m📚 Documentação: http://localhost:3000/api-docs[39m
2025-12-11 09:04:18:418 [32minfo[39m: [32m✅ Variáveis de ambiente configuradas[39m
2025-12-11 09:04:18:418 [32minfo[39m: [32m🚀 Servidor rodando na porta 3000[39m
2025-12-11 09:04:18:418 [32minfo[39m: [32m📍 Health check: http://localhost:3000/health[39m
2025-12-11 09:04:18:418 [32minfo[39m: [32m📚 Documentação: http://localhost:3000/api-docs[39m
2025-12-11 09:08:56:856 [32minfo[39m: [32m✅ Variáveis de ambiente configuradas[39m
2025-12-11 09:08:56:856 [32minfo[39m: [32m🚀 Servidor rodando na porta 3000[39m
2025-12-11 09:08:56:856 [32minfo[39m: [32m📍 Health check: http://localhost:3000/health[39m
2025-12-11 09:08:56:856 [32minfo[39m: [32m📚 Documentação: http://localhost:3000/api-docs[39m
2025-12-11 09:22:17:2217 [32minfo[39m: [32m✅ Variáveis de ambiente configuradas[39m
2025-12-11 09:22:17:2217 [32minfo[39m: [32m🚀 Servidor rodando na porta 3000[39m
2025-12-11 09:22:17:2217 [32minfo[39m: [32m📍 Health check: http://localhost:3000/health[39m
2025-12-11 09:22:17:2217 [32minfo[39m: [32m📚 Documentação: http://localhost:3000/api-docs[39m
2025-12-11 09:26:21:2621 [35mhttp[39m: [35mGET /cliente[39m
2025-12-11 09:26:22:2622 [35mhttp[39m: [35mGET /cliente - Status: 200 - 1704ms[39m
2025-12-11 09:26:56:2656 [35mhttp[39m: [35mGET /cliente[39m
2025-12-11 09:26:56:2656 [35mhttp[39m: [35mGET /cliente - Status: 400 - 0ms[39m
2025-12-11 09:26:56:2656 [33mwarn[39m: [33mErro na requisição: GET /cliente - 400[39m
2025-12-11 09:28:30:2830 [35mhttp[39m: [35mGET /cliente/cpf/45978612656[39m
2025-12-11 09:28:30:2830 [35mhttp[39m: [35mGET /cliente/cpf/45978612656 - Status: 400 - 0ms[39m
2025-12-11 09:28:30:2830 [33mwarn[39m: [33mErro na requisição: GET /cliente/cpf/45978612656 - 400[39m
2025-12-11 09:30:30:3030 [32minfo[39m: [32m✅ Variáveis de ambiente configuradas[39m
2025-12-11 09:30:30:3030 [32minfo[39m: [32m🚀 Servidor rodando na porta 3000[39m
2025-12-11 09:30:30:3030 [32minfo[39m: [32m📍 Health check: http://localhost:3000/health[39m
2025-12-11 09:30:30:3030 [32minfo[39m: [32m📚 Documentação: http://localhost:3000/api-docs[39m
2025-12-11 09:35:34:3534 [32minfo[39m: [32m✅ Variáveis de ambiente configuradas[39m
2025-12-11 09:35:34:3534 [32minfo[39m: [32m🚀 Servidor rodando na porta 3000[39m
2025-12-11 09:35:34:3534 [32minfo[39m: [32m📍 Health check: http://localhost:3000/health[39m
2025-12-11 09:35:34:3534 [32minfo[39m: [32m📚 Documentação: http://localhost:3000/api-docs[39m
2025-12-11 10:21:12:2112 [32minfo[39m: [32m✅ Variáveis de ambiente configuradas[39m
2025-12-11 10:21:12:2112 [32minfo[39m: [32m🚀 Servidor rodando na porta 3000[39m
2025-12-11 10:21:12:2112 [32minfo[39m: [32m📍 Health check: http://localhost:3000/health[39m
2025-12-11 10:21:12:2112 [32minfo[39m: [32m📚 Documentação: http://localhost:3000/api-docs[39m
2025-12-11 10:52:32:5232 [32minfo[39m: [32m✅ Variáveis de ambiente configuradas[39m
2025-12-11 10:52:32:5232 [32minfo[39m: [32m🚀 Servidor rodando na porta 3000[39m
2025-12-11 10:52:32:5232 [32minfo[39m: [32m📍 Health check: http://localhost:3000/health[39m
2025-12-11 10:52:32:5232 [32minfo[39m: [32m📚 Documentação: http://localhost:3000/api-docs[39m
2025-12-12 08:03:27:327 [32minfo[39m: [32m✅ Variáveis de ambiente configuradas[39m
2025-12-12 08:03:27:327 [32minfo[39m: [32m🚀 Servidor rodando na porta 3000[39m
2025-12-12 08:03:27:327 [32minfo[39m: [32m📍 Health check: http://localhost:3000/health[39m
2025-12-12 08:03:27:327 [32minfo[39m: [32m📚 Documentação: http://localhost:3000/api-docs[39m
2025-12-12 08:03:57:357 [35mhttp[39m: [35mGET /cliente[39m
2025-12-12 08:03:58:358 [35mhttp[39m: [35mGET /cliente - Status: 200 - 1552ms[39m
2025-12-12 08:04:16:416 [35mhttp[39m: [35mGET /endereco[39m
2025-12-12 08:04:17:417 [35mhttp[39m: [35mGET /endereco - Status: 200 - 213ms[39m
2025-12-12 08:04:19:419 [35mhttp[39m: [35mGET /endereco[39m
2025-12-12 08:04:19:419 [35mhttp[39m: [35mGET /endereco - Status: 200 - 81ms[39m
2025-12-12 08:04:28:428 [35mhttp[39m: [35mGET /endereco[39m
2025-12-12 08:04:28:428 [35mhttp[39m: [35mGET /endereco - Status: 200 - 122ms[39m
2025-12-12 08:04:32:432 [35mhttp[39m: [35mGET /endereco[39m
2025-12-12 08:04:32:432 [35mhttp[39m: [35mGET /endereco - Status: 200 - 65ms[39m
2025-12-12 08:05:24:524 [35mhttp[39m: [35mGET /endereco[39m
2025-12-12 08:05:24:524 [35mhttp[39m: [35mGET /endereco - Status: 200 - 140ms[39m
2025-12-12 08:06:49:649 [32minfo[39m: [32m✅ Variáveis de ambiente configuradas[39m
2025-12-12 08:06:49:649 [32minfo[39m: [32m🚀 Servidor rodando na porta 3000[39m
2025-12-12 08:06:49:649 [32minfo[39m: [32m📍 Health check: http://localhost:3000/health[39m
2025-12-12 08:06:49:649 [32minfo[39m: [32m📚 Documentação: http://localhost:3000/api-docs[39m
2025-12-12 08:08:38:838 [32minfo[39m: [32m✅ Variáveis de ambiente configuradas[39m
2025-12-12 08:08:38:838 [32minfo[39m: [32m🚀 Servidor rodando na porta 3000[39m
2025-12-12 08:08:38:838 [32minfo[39m: [32m📍 Health check: http://localhost:3000/health[39m
2025-12-12 08:08:38:838 [32minfo[39m: [32m📚 Documentação: http://localhost:3000/api-docs[39m
2025-12-12 08:12:54:1254 [35mhttp[39m: [35mGET /endereco[39m
2025-12-12 08:12:55:1255 [35mhttp[39m: [35mGET /endereco - Status: 200 - 935ms[39m
2025-12-12 08:13:07:137 [35mhttp[39m: [35mGET /endereco[39m
2025-12-12 08:13:07:137 [35mhttp[39m: [35mGET /endereco - Status: 200 - 200ms[39m
2025-12-12 08:13:20:1320 [35mhttp[39m: [35mGET /genero[39m
2025-12-12 08:13:20:1320 [35mhttp[39m: [35mGET /genero - Status: 200 - 431ms[39m
2025-12-12 08:13:32:1332 [35mhttp[39m: [35mGET /livro[39m
2025-12-12 08:13:32:1332 [35mhttp[39m: [35mGET /livro - Status: 404 - 226ms[39m
2025-12-12 08:13:32:1332 [33mwarn[39m: [33mErro na requisição: GET /livro - 404[39m
2025-12-12 08:13:37:1337 [35mhttp[39m: [35mGET /livro[39m
2025-12-12 08:13:37:1337 [35mhttp[39m: [35mGET /livro - Status: 200 - 348ms[39m
2025-12-12 08:13:52:1352 [35mhttp[39m: [35mGET /genero[39m
2025-12-12 08:13:53:1353 [35mhttp[39m: [35mGET /genero - Status: 200 - 224ms[39m
2025-12-12 08:14:04:144 [35mhttp[39m: [35mGET /livro/autor[39m
2025-12-12 08:14:04:144 [35mhttp[39m: [35mGET /livro/autor - Status: 200 - 155ms[39m
2025-12-12 08:14:23:1423 [35mhttp[39m: [35mGET /genero[39m
2025-12-12 08:14:23:1423 [35mhttp[39m: [35mGET /genero - Status: 404 - 93ms[39m
2025-12-12 08:14:23:1423 [33mwarn[39m: [33mErro na requisição: GET /genero - 404[39m
2025-12-12 08:14:28:1428 [35mhttp[39m: [35mGET /genero[39m
2025-12-12 08:14:28:1428 [35mhttp[39m: [35mGET /genero - Status: 404 - 80ms[39m
2025-12-12 08:14:28:1428 [33mwarn[39m: [33mErro na requisição: GET /genero - 404[39m
2025-12-12 08:14:32:1432 [35mhttp[39m: [35mGET /genero[39m
2025-12-12 08:14:33:1433 [35mhttp[39m: [35mGET /genero - Status: 200 - 225ms[39m
2025-12-12 08:14:50:1450 [35mhttp[39m: [35mGET /endereco[39m
2025-12-12 08:14:50:1450 [35mhttp[39m: [35mGET /endereco - Status: 200 - 356ms[39m
2025-12-12 08:15:18:1518 [35mhttp[39m: [35mGET /cliente/cpf/78901234568[39m
2025-12-12 08:15:18:1518 [35mhttp[39m: [35mGET /cliente/cpf/78901234568 - Status: 200 - 109ms[39m
2025-12-12 08:15:27:1527 [35mhttp[39m: [35mGET /livro/4[39m
2025-12-12 08:15:27:1527 [35mhttp[39m: [35mGET /livro/4 - Status: 200 - 100ms[39m
2025-12-12 08:45:48:4548 [32minfo[39m: [32m✅ Variáveis de ambiente configuradas[39m
2025-12-12 08:45:48:4548 [32minfo[39m: [32m🚀 Servidor rodando na porta 3000[39m
2025-12-12 08:45:48:4548 [32minfo[39m: [32m📍 Health check: http://localhost:3000/health[39m
2025-12-12 08:45:48:4548 [32minfo[39m: [32m📚 Documentação: http://localhost:3000/api-docs[39m
2025-12-12 08:46:36:4636 [35mhttp[39m: [35mGET /cliente/cpf/78901234568[39m
2025-12-12 08:46:37:4637 [35mhttp[39m: [35mGET /cliente/cpf/78901234568 - Status: 200 - 1029ms[39m
2025-12-12 08:46:38:4638 [35mhttp[39m: [35mGET /livro/4[39m
2025-12-12 08:46:38:4638 [35mhttp[39m: [35mGET /livro/4 - Status: 200 - 121ms[39m
2025-12-12 08:46:41:4641 [35mhttp[39m: [35mPOST /reservas[39m
2025-12-12 08:46:41:4641 [35mhttp[39m: [35mPOST /reservas - Status: 400 - 1ms[39m
2025-12-12 08:46:41:4641 [33mwarn[39m: [33mErro na requisição: POST /reservas - 400[39m
2025-12-12 08:51:17:5117 [35mhttp[39m: [35mGET /cliente/cpf/78901234568[39m
2025-12-12 08:51:17:5117 [35mhttp[39m: [35mGET /cliente/cpf/78901234568 - Status: 200 - 606ms[39m
2025-12-12 08:51:20:5120 [35mhttp[39m: [35mGET /cliente/cpf/78901234568[39m
2025-12-12 08:51:20:5120 [35mhttp[39m: [35mGET /cliente/cpf/78901234568 - Status: 200 - 59ms[39m
2025-12-12 08:51:22:5122 [35mhttp[39m: [35mGET /cliente/cpf/78901234568[39m
2025-12-12 08:51:22:5122 [35mhttp[39m: [35mGET /cliente/cpf/78901234568 - Status: 200 - 81ms[39m
2025-12-12 08:51:31:5131 [35mhttp[39m: [35mGET /livro[39m
2025-12-12 08:51:31:5131 [35mhttp[39m: [35mGET /livro - Status: 200 - 437ms[39m
2025-12-12 08:56:42:5642 [35mhttp[39m: [35mGET /cliente/cpf/78901234568[39m
2025-12-12 08:56:43:5643 [35mhttp[39m: [35mGET /cliente/cpf/78901234568 - Status: 200 - 720ms[39m
2025-12-12 08:56:48:5648 [35mhttp[39m: [35mGET /livro[39m
2025-12-12 08:56:48:5648 [35mhttp[39m: [35mGET /livro - Status: 200 - 408ms[39m
2025-12-12 08:57:00:570 [35mhttp[39m: [35mPOST /reservas[39m
2025-12-12 08:57:01:571 [35mhttp[39m: [35mPOST /reservas - Status: 201 - 337ms[39m
2025-12-12 09:08:14:814 [32minfo[39m: [32m✅ Variáveis de ambiente configuradas[39m
2025-12-12 09:08:14:814 [32minfo[39m: [32m🚀 Servidor rodando na porta 3000[39m
2025-12-12 09:08:14:814 [32minfo[39m: [32m📍 Health check: http://localhost:3000/health[39m
2025-12-12 09:08:14:814 [32minfo[39m: [32m📚 Documentação: http://localhost:3000/api-docs[39m
2025-12-12 09:09:29:929 [35mhttp[39m: [35mGET /livro[39m
2025-12-12 09:09:30:930 [35mhttp[39m: [35mGET /livro - Status: 200 - 1099ms[39m
2025-12-12 09:25:48:2548 [32minfo[39m: [32m✅ Variáveis de ambiente configuradas[39m
2025-12-12 09:25:48:2548 [32minfo[39m: [32m🚀 Servidor rodando na porta 3000[39m
2025-12-12 09:25:48:2548 [32minfo[39m: [32m📍 Health check: http://localhost:3000/health[39m
2025-12-12 09:25:48:2548 [32minfo[39m: [32m📚 Documentação: http://localhost:3000/api-docs[39m
2025-12-12 09:26:18:2618 [35mhttp[39m: [35mGET /reservas[39m
2025-12-12 09:26:19:2619 [35mhttp[39m: [35mGET /reservas - Status: 200 - 949ms[39m
2025-12-12 09:26:56:2656 [35mhttp[39m: [35mGET /reservas[39m
2025-12-12 09:26:56:2656 [35mhttp[39m: [35mGET /reservas - Status: 200 - 185ms[39m
2025-12-12 09:27:04:274 [35mhttp[39m: [35mGET /reservas[39m
2025-12-12 09:27:04:274 [35mhttp[39m: [35mGET /reservas - Status: 200 - 117ms[39m
2025-12-12 09:27:20:2720 [35mhttp[39m: [35mGET /reservas/17[39m
2025-12-12 09:27:20:2720 [35mhttp[39m: [35mGET /reservas/17 - Status: 404 - 1ms[39m
2025-12-12 09:27:20:2720 [33mwarn[39m: [33mErro na requisição: GET /reservas/17 - 404[39m
2025-12-12 09:27:25:2725 [35mhttp[39m: [35mGET /reservas/2[39m
2025-12-12 09:27:25:2725 [35mhttp[39m: [35mGET /reservas/2 - Status: 404 - 0ms[39m
2025-12-12 09:27:25:2725 [33mwarn[39m: [33mErro na requisição: GET /reservas/2 - 404[39m
2025-12-12 09:27:30:2730 [35mhttp[39m: [35mGET /reservas/1[39m
2025-12-12 09:27:30:2730 [35mhttp[39m: [35mGET /reservas/1 - Status: 404 - 0ms[39m
2025-12-12 09:27:30:2730 [33mwarn[39m: [33mErro na requisição: GET /reservas/1 - 404[39m
2025-12-12 09:42:17:4217 [32minfo[39m: [32m✅ Variáveis de ambiente configuradas[39m
2025-12-12 09:42:17:4217 [32minfo[39m: [32m🚀 Servidor rodando na porta 3000[39m
2025-12-12 09:42:17:4217 [32minfo[39m: [32m📍 Health check: http://localhost:3000/health[39m
2025-12-12 09:42:17:4217 [32minfo[39m: [32m📚 Documentação: http://localhost:3000/api-docs[39m
2025-12-12 09:50:54:5054 [32minfo[39m: [32m✅ Variáveis de ambiente configuradas[39m
2025-12-12 09:50:54:5054 [32minfo[39m: [32m🚀 Servidor rodando na porta 3000[39m
2025-12-12 09:50:54:5054 [32minfo[39m: [32m📍 Health check: http://localhost:3000/health[39m
2025-12-12 09:50:54:5054 [32minfo[39m: [32m📚 Documentação: http://localhost:3000/api-docs[39m
2025-12-12 09:52:53:5253 [32minfo[39m: [32m✅ Variáveis de ambiente configuradas[39m
2025-12-12 09:52:53:5253 [32minfo[39m: [32m🚀 Servidor rodando na porta 3000[39m
2025-12-12 09:52:53:5253 [32minfo[39m: [32m📍 Health check: http://localhost:3000/health[39m
2025-12-12 09:52:53:5253 [32minfo[39m: [32m📚 Documentação: http://localhost:3000/api-docs[39m
2025-12-12 09:57:06:576 [35mhttp[39m: [35mGET /reservas[39m
2025-12-12 09:57:07:577 [35mhttp[39m: [35mGET /reservas - Status: 500 - 1083ms[39m
2025-12-12 09:57:07:577 [33mwarn[39m: [33mErro na requisição: GET /reservas - 500[39m
2025-12-12 09:57:17:5717 [35mhttp[39m: [35mGET /reservas[39m
2025-12-12 09:57:17:5717 [35mhttp[39m: [35mGET /reservas - Status: 500 - 219ms[39m
2025-12-12 09:57:17:5717 [33mwarn[39m: [33mErro na requisição: GET /reservas - 500[39m
2025-12-12 09:58:24:5824 [32minfo[39m: [32m✅ Variáveis de ambiente configuradas[39m
2025-12-12 09:58:24:5824 [32minfo[39m: [32m🚀 Servidor rodando na porta 3000[39m
2025-12-12 09:58:24:5824 [32minfo[39m: [32m📍 Health check: http://localhost:3000/health[39m
2025-12-12 09:58:24:5824 [32minfo[39m: [32m📚 Documentação: http://localhost:3000/api-docs[39m
2025-12-12 09:58:39:5839 [35mhttp[39m: [35mGET /reservas[39m
2025-12-12 09:58:39:5839 [35mhttp[39m: [35mGET /reservas - Status: 500 - 227ms[39m
2025-12-12 09:58:39:5839 [33mwarn[39m: [33mErro na requisição: GET /reservas - 500[39m
2025-12-12 10:06:10:610 [32minfo[39m: [32m✅ Variáveis de ambiente configuradas[39m
2025-12-12 10:06:10:610 [32minfo[39m: [32m🚀 Servidor rodando na porta 3000[39m
2025-12-12 10:06:10:610 [32minfo[39m: [32m📍 Health check: http://localhost:3000/health[39m
2025-12-12 10:06:10:610 [32minfo[39m: [32m📚 Documentação: http://localhost:3000/api-docs[39m
2025-12-12 10:07:36:736 [35mhttp[39m: [35mGET /reservas[39m
2025-12-12 10:07:36:736 [35mhttp[39m: [35mGET /reservas - Status: 500 - 859ms[39m
2025-12-12 10:07:36:736 [33mwarn[39m: [33mErro na requisição: GET /reservas - 500[39m
2025-12-12 10:07:47:747 [35mhttp[39m: [35mGET /cliente[39m
2025-12-12 10:07:47:747 [35mhttp[39m: [35mGET /cliente - Status: 200 - 280ms[39m
2025-12-12 10:08:03:83 [35mhttp[39m: [35mGET /reservas/1[39m
2025-12-12 10:08:03:83 [35mhttp[39m: [35mGET /reservas/1 - Status: 500 - 129ms[39m
2025-12-12 10:08:03:83 [33mwarn[39m: [33mErro na requisição: GET /reservas/1 - 500[39m
2025-12-12 10:10:07:107 [32minfo[39m: [32m✅ Variáveis de ambiente configuradas[39m
2025-12-12 10:10:07:107 [32minfo[39m: [32m🚀 Servidor rodando na porta 3000[39m
2025-12-12 10:10:07:107 [32minfo[39m: [32m📍 Health check: http://localhost:3000/health[39m
2025-12-12 10:10:07:107 [32minfo[39m: [32m📚 Documentação: http://localhost:3000/api-docs[39m
2025-12-12 10:15:51:1551 [32minfo[39m: [32m✅ Variáveis de ambiente configuradas[39m
2025-12-12 10:15:51:1551 [32minfo[39m: [32m🚀 Servidor rodando na porta 3000[39m
2025-12-12 10:15:51:1551 [32minfo[39m: [32m📍 Health check: http://localhost:3000/health[39m
2025-12-12 10:15:51:1551 [32minfo[39m: [32m📚 Documentação: http://localhost:3000/api-docs[39m
2025-12-12 10:16:16:1616 [35mhttp[39m: [35mGET /reservas[39m
2025-12-12 10:16:17:1617 [35mhttp[39m: [35mGET /reservas - Status: 200 - 709ms[39m
2025-12-12 10:16:22:1622 [35mhttp[39m: [35mGET /reservas[39m
2025-12-12 10:16:22:1622 [35mhttp[39m: [35mGET /reservas - Status: 200 - 520ms[39m
2025-12-12 10:22:36:2236 [35mhttp[39m: [35mGET /reservas[39m
2025-12-12 10:22:36:2236 [35mhttp[39m: [35mGET /reservas - Status: 200 - 732ms[39m
2025-12-12 10:22:40:2240 [35mhttp[39m: [35mGET /reservas[39m
2025-12-12 10:22:40:2240 [35mhttp[39m: [35mGET /reservas - Status: 200 - 305ms[39m
2025-12-12 10:22:52:2252 [35mhttp[39m: [35mGET /reservas[39m
2025-12-12 10:22:52:2252 [35mhttp[39m: [35mGET /reservas - Status: 200 - 161ms[39m
2025-12-12 10:22:59:2259 [35mhttp[39m: [35mGET /reservas[39m
2025-12-12 10:23:00:230 [35mhttp[39m: [35mGET /reservas - Status: 200 - 297ms[39m
2025-12-12 10:27:33:2733 [32minfo[39m: [32m✅ Variáveis de ambiente configuradas[39m
2025-12-12 10:27:33:2733 [32minfo[39m: [32m🚀 Servidor rodando na porta 3000[39m
2025-12-12 10:27:33:2733 [32minfo[39m: [32m📍 Health check: http://localhost:3000/health[39m
2025-12-12 10:27:33:2733 [32minfo[39m: [32m📚 Documentação: http://localhost:3000/api-docs[39m
2025-12-12 10:28:00:280 [35mhttp[39m: [35mGET /reservas[39m
2025-12-12 10:28:01:281 [35mhttp[39m: [35mGET /reservas - Status: 200 - 853ms[39m
2025-12-12 10:28:11:2811 [35mhttp[39m: [35mGET /reservas[39m
2025-12-12 10:28:12:2812 [35mhttp[39m: [35mGET /reservas - Status: 200 - 235ms[39m
2025-12-12 10:28:23:2823 [35mhttp[39m: [35mGET /reservas/1[39m
2025-12-12 10:28:23:2823 [35mhttp[39m: [35mGET /reservas/1 - Status: 404 - 115ms[39m
2025-12-12 10:28:23:2823 [33mwarn[39m: [33mErro na requisição: GET /reservas/1 - 404[39m
2025-12-12 10:35:50:3550 [32minfo[39m: [32m✅ Variáveis de ambiente configuradas[39m
2025-12-12 10:35:50:3550 [32minfo[39m: [32m🚀 Servidor rodando na porta 3000[39m
2025-12-12 10:35:50:3550 [32minfo[39m: [32m📍 Health check: http://localhost:3000/health[39m
2025-12-12 10:35:50:3550 [32minfo[39m: [32m📚 Documentação: http://localhost:3000/api-docs[39m
2025-12-12 10:37:19:3719 [35mhttp[39m: [35mGET /reservas/2[39m
2025-12-12 10:37:20:3720 [35mhttp[39m: [35mGET /reservas/2 - Status: 200 - 912ms[39m
2025-12-12 10:37:27:3727 [35mhttp[39m: [35mGET /reservas/1[39m
2025-12-12 10:37:27:3727 [35mhttp[39m: [35mGET /reservas/1 - Status: 404 - 99ms[39m
2025-12-12 10:37:27:3727 [33mwarn[39m: [33mErro na requisição: GET /reservas/1 - 404[39m
2025-12-12 10:37:37:3737 [35mhttp[39m: [35mGET /reservas[39m
2025-12-12 10:37:38:3738 [35mhttp[39m: [35mGET /reservas - Status: 200 - 279ms[39m
2025-12-12 10:37:48:3748 [35mhttp[39m: [35mGET /reservas/2[39m
2025-12-12 10:37:49:3749 [35mhttp[39m: [35mGET /reservas/2 - Status: 200 - 284ms[39m
2025-12-12 10:37:53:3753 [35mhttp[39m: [35mPATCH /reservas/2[39m
2025-12-12 10:37:53:3753 [35mhttp[39m: [35mPATCH /reservas/2 - Status: 401 - 1ms[39m
2025-12-12 10:37:53:3753 [33mwarn[39m: [33mErro na requisição: PATCH /reservas/2 - 401[39m
2025-12-12 10:37:59:3759 [35mhttp[39m: [35mPATCH /reservas/2[39m
2025-12-12 10:37:59:3759 [35mhttp[39m: [35mPATCH /reservas/2 - Status: 401 - 1ms[39m
2025-12-12 10:37:59:3759 [33mwarn[39m: [33mErro na requisição: PATCH /reservas/2 - 401[39m
2025-12-12 10:38:03:383 [35mhttp[39m: [35mPATCH /reservas/2[39m
2025-12-12 10:38:03:383 [35mhttp[39m: [35mPATCH /reservas/2 - Status: 401 - 0ms[39m
2025-12-12 10:38:03:383 [33mwarn[39m: [33mErro na requisição: PATCH /reservas/2 - 401[39m
2025-12-12 10:55:13:5513 [32minfo[39m: [32m✅ Variáveis de ambiente configuradas[39m
2025-12-12 10:55:13:5513 [32minfo[39m: [32m🚀 Servidor rodando na porta 3000[39m
2025-12-12 10:55:13:5513 [32minfo[39m: [32m📍 Health check: http://localhost:3000/health[39m
2025-12-12 10:55:13:5513 [32minfo[39m: [32m📚 Documentação: http://localhost:3000/api-docs[39m
2025-12-12 10:55:14:5514 [35mhttp[39m: [35mGET /health[39m
2025-12-12 10:55:14:5514 [35mhttp[39m: [35mGET /health - Status: 200 - 1ms[39m
2025-12-12 10:55:27:5527 [35mhttp[39m: [35mGET /reservas/2[39m
2025-12-12 10:55:48:5548 [35mhttp[39m: [35mGET /reservas/2 - Status: 200 - 21041ms[39m
2025-12-12 11:01:11:111 [35mhttp[39m: [35mGET /health[39m
2025-12-12 11:01:11:111 [35mhttp[39m: [35mGET /health - Status: 200 - 1ms[39m
2025-12-12 11:01:11:111 [32minfo[39m: [32m✅ Variáveis de ambiente configuradas[39m
2025-12-12 11:01:11:111 [32minfo[39m: [32m🚀 Servidor rodando na porta 3000[39m
2025-12-12 11:01:11:111 [32minfo[39m: [32m📍 Health check: http://localhost:3000/health[39m
2025-12-12 11:01:11:111 [32minfo[39m: [32m📚 Documentação: http://localhost:3000/api-docs[39m
2025-12-12 11:01:20:120 [35mhttp[39m: [35mGET /reservas[39m
2025-12-12 11:01:33:133 [35mhttp[39m: [35mGET /reservas[39m
2025-12-12 11:01:34:134 [35mhttp[39m: [35mGET /reservas - Status: 200 - 446ms[39m
2025-12-12 11:01:40:140 [35mhttp[39m: [35mGET /reservas - Status: 200 - 20173ms[39m
2025-12-12 11:01:46:146 [35mhttp[39m: [35mPATCH /reservas/2[39m
2025-12-12 11:01:46:146 [35mhttp[39m: [35mPATCH /reservas/2 - Status: 401 - 1ms[39m
2025-12-12 11:01:46:146 [33mwarn[39m: [33mErro na requisição: PATCH /reservas/2 - 401[39m
2025-12-12 11:01:50:150 [35mhttp[39m: [35mPATCH /reservas/2[39m
2025-12-12 11:01:50:150 [35mhttp[39m: [35mPATCH /reservas/2 - Status: 401 - 1ms[39m
2025-12-12 11:01:50:150 [33mwarn[39m: [33mErro na requisição: PATCH /reservas/2 - 401[39m
2025-12-12 11:06:09:69 [32minfo[39m: [32m✅ Variáveis de ambiente configuradas[39m
2025-12-12 11:06:09:69 [32minfo[39m: [32m🚀 Servidor rodando na porta 3000[39m
2025-12-12 11:06:09:69 [32minfo[39m: [32m📍 Health check: http://localhost:3000/health[39m
2025-12-12 11:06:09:69 [32minfo[39m: [32m📚 Documentação: http://localhost:3000/api-docs[39m
2025-12-12 11:06:09:69 [35mhttp[39m: [35mGET /health[39m
2025-12-12 11:06:09:69 [35mhttp[39m: [35mGET /health - Status: 200 - 1ms[39m
2025-12-12 11:06:09:69 [35mhttp[39m: [35mPOST /auth/login[39m
2025-12-12 11:06:10:610 [35mhttp[39m: [35mPOST /auth/login - Status: 401 - 838ms[39m
2025-12-12 11:06:10:610 [33mwarn[39m: [33mErro na requisição: POST /auth/login - 401[39m
2025-12-12 11:06:10:610 [35mhttp[39m: [35mPOST /auth/login[39m
2025-12-12 11:06:10:610 [35mhttp[39m: [35mPOST /auth/login - Status: 401 - 107ms[39m
2025-12-12 11:06:10:610 [33mwarn[39m: [33mErro na requisição: POST /auth/login - 401[39m
2025-12-12 11:06:28:628 [35mhttp[39m: [35mGET /reservas[39m
2025-12-12 11:06:29:629 [35mhttp[39m: [35mGET /reservas - Status: 200 - 451ms[39m
2025-12-12 11:06:31:631 [35mhttp[39m: [35mPATCH /reservas/2[39m
2025-12-12 11:06:31:631 [35mhttp[39m: [35mPATCH /reservas/2 - Status: 401 - 0ms[39m
2025-12-12 11:06:31:631 [33mwarn[39m: [33mErro na requisição: PATCH /reservas/2 - 401[39m
2025-12-12 11:06:31:631 [35mhttp[39m: [35mPOST /auth/login[39m
2025-12-12 11:06:31:631 [35mhttp[39m: [35mPOST /auth/login - Status: 401 - 51ms[39m
2025-12-12 11:06:31:631 [33mwarn[39m: [33mErro na requisição: POST /auth/login - 401[39m
2025-12-12 11:16:06:166 [32minfo[39m: [32m✅ Variáveis de ambiente configuradas[39m
2025-12-12 11:16:06:166 [32minfo[39m: [32m🚀 Servidor rodando na porta 3000[39m
2025-12-12 11:16:06:166 [32minfo[39m: [32m📍 Health check: http://localhost:3000/health[39m
2025-12-12 11:16:06:166 [32minfo[39m: [32m📚 Documentação: http://localhost:3000/api-docs[39m
2025-12-12 11:16:06:166 [35mhttp[39m: [35mGET /health[39m
2025-12-12 11:16:06:166 [35mhttp[39m: [35mGET /health - Status: 200 - 1ms[39m
2025-12-12 11:16:07:167 [35mhttp[39m: [35mPOST /auth/login[39m
2025-12-12 11:16:07:167 [35mhttp[39m: [35mPOST /auth/login - Status: 401 - 690ms[39m
2025-12-12 11:16:07:167 [33mwarn[39m: [33mErro na requisição: POST /auth/login - 401[39m
2025-12-12 11:16:07:167 [35mhttp[39m: [35mPOST /auth/login[39m
2025-12-12 11:16:07:167 [35mhttp[39m: [35mPOST /auth/login - Status: 401 - 72ms[39m
2025-12-12 11:16:07:167 [33mwarn[39m: [33mErro na requisição: POST /auth/login - 401[39m
2025-12-12 11:16:12:1612 [35mhttp[39m: [35mGET /reservas[39m
2025-12-12 11:16:12:1612 [35mhttp[39m: [35mGET /reservas - Status: 200 - 334ms[39m
2025-12-12 11:16:14:1614 [35mhttp[39m: [35mPATCH /reservas/2[39m
2025-12-12 11:16:14:1614 [35mhttp[39m: [35mPATCH /reservas/2 - Status: 401 - 1ms[39m
2025-12-12 11:16:14:1614 [33mwarn[39m: [33mErro na requisição: PATCH /reservas/2 - 401[39m
2025-12-12 11:16:14:1614 [35mhttp[39m: [35mPOST /auth/login[39m
2025-12-12 11:16:14:1614 [35mhttp[39m: [35mPOST /auth/login - Status: 401 - 56ms[39m
2025-12-12 11:16:14:1614 [33mwarn[39m: [33mErro na requisição: POST /auth/login - 401[39m
2025-12-12 11:25:40:2540 [32minfo[39m: [32m✅ Variáveis de ambiente configuradas[39m
2025-12-12 11:25:40:2540 [32minfo[39m: [32m🚀 Servidor rodando na porta 3000[39m
2025-12-12 11:25:40:2540 [32minfo[39m: [32m📍 Health check: http://localhost:3000/health[39m
2025-12-12 11:25:40:2540 [32minfo[39m: [32m📚 Documentação: http://localhost:3000/api-docs[39m
2025-12-12 11:25:40:2540 [35mhttp[39m: [35mGET /health[39m
2025-12-12 11:25:40:2540 [35mhttp[39m: [35mGET /health - Status: 200 - 1ms[39m
2025-12-12 11:25:40:2540 [35mhttp[39m: [35mPOST /auth/login[39m
2025-12-12 11:25:41:2541 [35mhttp[39m: [35mPOST /auth/login - Status: 401 - 671ms[39m
2025-12-12 11:25:41:2541 [33mwarn[39m: [33mErro na requisição: POST /auth/login - 401[39m
2025-12-12 11:25:41:2541 [35mhttp[39m: [35mPOST /auth/register[39m
2025-12-12 11:25:41:2541 [35mhttp[39m: [35mPOST /auth/register - Status: 500 - 193ms[39m
2025-12-12 11:25:41:2541 [33mwarn[39m: [33mErro na requisição: POST /auth/register - 500[39m
2025-12-12 11:25:41:2541 [35mhttp[39m: [35mPOST /auth/login[39m
2025-12-12 11:25:41:2541 [35mhttp[39m: [35mPOST /auth/login - Status: 401 - 58ms[39m
2025-12-12 11:25:41:2541 [33mwarn[39m: [33mErro na requisição: POST /auth/login - 401[39m
2025-12-12 11:25:41:2541 [35mhttp[39m: [35mPOST /auth/register[39m
2025-12-12 11:25:42:2542 [35mhttp[39m: [35mPOST /auth/register - Status: 500 - 186ms[39m
2025-12-12 11:25:42:2542 [33mwarn[39m: [33mErro na requisição: POST /auth/register - 500[39m
2025-12-12 11:25:50:2550 [35mhttp[39m: [35mGET /reservas[39m
2025-12-12 11:25:50:2550 [35mhttp[39m: [35mGET /reservas - Status: 200 - 300ms[39m
2025-12-12 11:25:54:2554 [35mhttp[39m: [35mGET /reservas/2[39m
2025-12-12 11:25:55:2555 [35mhttp[39m: [35mGET /reservas/2 - Status: 200 - 264ms[39m
2025-12-12 11:25:57:2557 [35mhttp[39m: [35mGET /reservas[39m
2025-12-12 11:25:57:2557 [35mhttp[39m: [35mGET /reservas - Status: 200 - 221ms[39m
2025-12-12 11:26:00:260 [35mhttp[39m: [35mDELETE /reservas/2[39m
2025-12-12 11:26:00:260 [35mhttp[39m: [35mDELETE /reservas/2 - Status: 401 - 0ms[39m
2025-12-12 11:26:00:260 [33mwarn[39m: [33mErro na requisição: DELETE /reservas/2 - 401[39m
2025-12-12 11:26:00:260 [35mhttp[39m: [35mPOST /auth/login[39m
2025-12-12 11:26:00:260 [35mhttp[39m: [35mPOST /auth/login - Status: 401 - 55ms[39m
2025-12-12 11:26:00:260 [33mwarn[39m: [33mErro na requisição: POST /auth/login - 401[39m
2025-12-12 11:26:00:260 [35mhttp[39m: [35mPOST /auth/register[39m
2025-12-12 11:26:00:260 [35mhttp[39m: [35mPOST /auth/register - Status: 429 - 1ms[39m
2025-12-12 11:26:00:260 [33mwarn[39m: [33mErro na requisição: POST /auth/register - 429[39m
2025-12-15 10:46:36:4636 [32minfo[39m: [32m✅ Variáveis de ambiente configuradas[39m
2025-12-15 10:46:36:4636 [32minfo[39m: [32m🚀 Servidor rodando na porta 3000[39m
2025-12-15 10:46:36:4636 [32minfo[39m: [32m📍 Health check: http://localhost:3000/health[39m
2025-12-15 10:46:36:4636 [32minfo[39m: [32m📚 Documentação: http://localhost:3000/api-docs[39m
2025-12-15 10:46:36:4636 [35mhttp[39m: [35mGET /health[39m
2025-12-15 10:46:36:4636 [35mhttp[39m: [35mGET /health - Status: 200 - 1ms[39m
2025-12-15 10:46:36:4636 [35mhttp[39m: [35mPOST /auth/login[39m
2025-12-15 10:46:38:4638 [35mhttp[39m: [35mPOST /auth/login - Status: 401 - 1437ms[39m
2025-12-15 10:46:38:4638 [33mwarn[39m: [33mErro na requisição: POST /auth/login - 401[39m
2025-12-15 10:46:38:4638 [35mhttp[39m: [35mPOST /auth/register[39m
2025-12-15 10:46:38:4638 [35mhttp[39m: [35mPOST /auth/register - Status: 500 - 244ms[39m
2025-12-15 10:46:38:4638 [33mwarn[39m: [33mErro na requisição: POST /auth/register - 500[39m
2025-12-15 10:46:38:4638 [35mhttp[39m: [35mPOST /auth/login[39m
2025-12-15 10:46:38:4638 [35mhttp[39m: [35mPOST /auth/login - Status: 401 - 71ms[39m
2025-12-15 10:46:38:4638 [33mwarn[39m: [33mErro na requisição: POST /auth/login - 401[39m
2025-12-15 10:46:38:4638 [35mhttp[39m: [35mPOST /auth/register[39m
2025-12-15 10:46:38:4638 [35mhttp[39m: [35mPOST /auth/register - Status: 500 - 194ms[39m
2025-12-15 10:46:38:4638 [33mwarn[39m: [33mErro na requisição: POST /auth/register - 500[39m
2025-12-15 11:01:38:138 [32minfo[39m: [32m✅ Variáveis de ambiente configuradas[39m
2025-12-15 11:01:38:138 [32minfo[39m: [32m🚀 Servidor rodando na porta 3000[39m
2025-12-15 11:01:38:138 [32minfo[39m: [32m📍 Health check: http://localhost:3000/health[39m
2025-12-15 11:01:38:138 [32minfo[39m: [32m📚 Documentação: http://localhost:3000/api-docs[39m
2025-12-15 11:01:39:139 [35mhttp[39m: [35mGET /health[39m
2025-12-15 11:01:39:139 [35mhttp[39m: [35mGET /health - Status: 200 - 1ms[39m
2025-12-15 11:01:47:147 [35mhttp[39m: [35mGET /cliente[39m
2025-12-15 11:01:48:148 [35mhttp[39m: [35mGET /cliente - Status: 200 - 1089ms[39m
2025-12-15 11:01:56:156 [35mhttp[39m: [35mGET /cliente[39m
2025-12-15 11:01:56:156 [35mhttp[39m: [35mGET /cliente - Status: 200 - 246ms[39m
2025-12-15 11:02:01:21 [35mhttp[39m: [35mGET /cliente[39m
2025-12-15 11:02:02:22 [35mhttp[39m: [35mGET /cliente - Status: 200 - 229ms[39m
2025-12-15 11:02:11:211 [35mhttp[39m: [35mGET /reservas[39m
2025-12-15 11:02:12:212 [35mhttp[39m: [35mGET /reservas - Status: 200 - 377ms[39m
2025-12-15 11:02:20:220 [35mhttp[39m: [35mGET /reservas[39m
2025-12-15 11:02:20:220 [35mhttp[39m: [35mGET /reservas - Status: 200 - 265ms[39m
2025-12-15 11:02:29:229 [35mhttp[39m: [35mPATCH /reservas/2[39m
2025-12-15 11:02:29:229 [35mhttp[39m: [35mPATCH /reservas/2 - Status: 200 - 156ms[39m
2025-12-15 11:02:32:232 [35mhttp[39m: [35mGET /reservas[39m
2025-12-15 11:02:33:233 [35mhttp[39m: [35mGET /reservas - Status: 200 - 313ms[39m
2025-12-15 11:20:28:2028 [32minfo[39m: [32m✅ Variáveis de ambiente configuradas[39m
2025-12-15 11:20:28:2028 [32minfo[39m: [32m🚀 Servidor rodando na porta 3000[39m
2025-12-15 11:20:28:2028 [32minfo[39m: [32m📍 Health check: http://localhost:3000/health[39m
2025-12-15 11:20:28:2028 [32minfo[39m: [32m📚 Documentação: http://localhost:3000/api-docs[39m
2025-12-15 11:20:28:2028 [35mhttp[39m: [35mGET /health[39m
2025-12-15 11:20:28:2028 [35mhttp[39m: [35mGET /health - Status: 200 - 1ms[39m
2025-12-15 11:20:42:2042 [35mhttp[39m: [35mGET /reservas[39m
2025-12-15 11:20:43:2043 [35mhttp[39m: [35mGET /reservas - Status: 200 - 1425ms[39m
2025-12-15 11:20:53:2053 [35mhttp[39m: [35mPATCH /reservas/3[39m
2025-12-15 11:20:53:2053 [35mhttp[39m: [35mPATCH /reservas/3 - Status: 200 - 147ms[39m
2026-01-05 09:03:48:348 [32minfo[39m: [32m🚀 Servidor rodando na porta 3000[39m
2026-01-05 09:03:48:348 [32minfo[39m: [32m📍 Health check: http://localhost:3000/health[39m
2026-01-05 09:03:48:348 [32minfo[39m: [32m📚 Documentação: http://localhost:3000/api-docs[39m
2026-01-05 09:03:48:348 [35mhttp[39m: [35mGET /health[39m
2026-01-05 09:03:48:348 [35mhttp[39m: [35mGET /health - Status: 200 - 1ms[39m
2026-01-05 09:18:14:1814 [32minfo[39m: [32m🚀 Servidor rodando na porta 3000[39m
2026-01-05 09:18:14:1814 [32minfo[39m: [32m📍 Health check: http://localhost:3000/health[39m
2026-01-05 09:18:14:1814 [32minfo[39m: [32m📚 Documentação: http://localhost:3000/api-docs[39m
2026-01-05 10:22:47:2247 [32minfo[39m: [32m🚀 Servidor rodando na porta 3000[39m
2026-01-05 10:22:47:2247 [32minfo[39m: [32m📍 Health check: http://localhost:3000/health[39m
2026-01-05 10:22:47:2247 [32minfo[39m: [32m📚 Documentação: http://localhost:3000/api-docs[39m
2026-01-05 10:23:37:2337 [35mhttp[39m: [35mGET /health[39m
2026-01-05 10:23:37:2337 [35mhttp[39m: [35mGET /health - Status: 200 - 1ms[39m
2026-01-05 10:23:55:2355 [35mhttp[39m: [35mGET /health[39m
2026-01-05 10:23:55:2355 [35mhttp[39m: [35mGET /health - Status: 200 - 1ms[39m
2026-01-05 10:23:55:2355 [35mhttp[39m: [35mGET /swagger.json[39m
2026-01-05 10:23:55:2355 [35mhttp[39m: [35mGET /swagger.json - Status: 200 - 0ms[39m
2026-01-05 10:23:55:2355 [35mhttp[39m: [35mGET /swagger.json - Status: 200 - 1ms[39m
2026-01-05 10:23:55:2355 [35mhttp[39m: [35mGET /cliente[39m
2026-01-05 10:23:56:2356 [35mhttp[39m: [35mGET /cliente - Status: 200 - 1353ms[39m
2026-01-05 10:23:56:2356 [35mhttp[39m: [35mGET /cliente/cpf/00000000000[39m
2026-01-05 10:23:56:2356 [35mhttp[39m: [35mGET /cliente/cpf/00000000000 - Status: 400 - 1ms[39m
2026-01-05 10:23:56:2356 [33mwarn[39m: [33mErro na requisição: GET /cliente/cpf/00000000000 - 400[39m
2026-01-05 10:23:56:2356 [35mhttp[39m: [35mGET /livro[39m
2026-01-05 10:23:57:2357 [35mhttp[39m: [35mGET /livro - Status: 404 - 222ms[39m
2026-01-05 10:23:57:2357 [33mwarn[39m: [33mErro na requisição: GET /livro - 404[39m
2026-01-05 10:23:57:2357 [35mhttp[39m: [35mGET /livro/autor[39m
2026-01-05 10:23:57:2357 [35mhttp[39m: [35mGET /livro/autor - Status: 404 - 77ms[39m
2026-01-05 10:23:57:2357 [33mwarn[39m: [33mErro na requisição: GET /livro/autor - 404[39m
2026-01-05 10:23:57:2357 [35mhttp[39m: [35mGET /genero[39m
2026-01-05 10:23:57:2357 [35mhttp[39m: [35mGET /genero - Status: 400 - 0ms[39m
2026-01-05 10:23:57:2357 [33mwarn[39m: [33mErro na requisição: GET /genero - 400[39m
2026-01-05 10:23:57:2357 [35mhttp[39m: [35mGET /reservas[39m
2026-01-05 10:23:57:2357 [35mhttp[39m: [35mGET /reservas - Status: 200 - 69ms[39m
2026-01-05 10:23:57:2357 [35mhttp[39m: [35mGET /multas[39m
2026-01-05 10:23:57:2357 [31merror[39m: [31m[Erro ao buscar multas] Could not find a relationship between 'multa' and 'ReservaID' in the schema cache[39m
2026-01-05 10:23:57:2357 [35mhttp[39m: [35mGET /multas - Status: 500 - 85ms[39m
2026-01-05 10:23:57:2357 [33mwarn[39m: [33mErro na requisição: GET /multas - 500[39m
2026-01-05 10:23:57:2357 [35mhttp[39m: [35mPOST /cliente[39m
2026-01-05 10:23:57:2357 [35mhttp[39m: [35mPOST /cliente - Status: 400 - 1ms[39m
2026-01-05 10:23:57:2357 [33mwarn[39m: [33mErro na requisição: POST /cliente - 400[39m
2026-01-05 10:23:57:2357 [35mhttp[39m: [35mPOST /livro[39m
2026-01-05 10:23:57:2357 [35mhttp[39m: [35mPOST /livro - Status: 404 - 0ms[39m
2026-01-05 10:23:57:2357 [33mwarn[39m: [33mErro na requisição: POST /livro - 404[39m
2026-01-05 10:23:57:2357 [35mhttp[39m: [35mPOST /reservas[39m
2026-01-05 10:23:57:2357 [33mwarn[39m: [33m❌ Validação falhou - campos obrigatórios faltando[39m
2026-01-05 10:23:57:2357 [35mhttp[39m: [35mPOST /reservas - Status: 400 - 0ms[39m
2026-01-05 10:23:57:2357 [33mwarn[39m: [33mErro na requisição: POST /reservas - 400[39m
2026-01-05 10:23:57:2357 [35mhttp[39m: [35mPOST /devolucoes[39m
2026-01-05 10:23:57:2357 [35mhttp[39m: [35mPOST /devolucoes - Status: 400 - 1ms[39m
2026-01-05 10:23:57:2357 [33mwarn[39m: [33mErro na requisição: POST /devolucoes - 400[39m
2026-01-05 10:23:57:2357 [35mhttp[39m: [35mPOST /multas[39m
2026-01-05 10:23:57:2357 [35mhttp[39m: [35mPOST /multas - Status: 400 - 0ms[39m
2026-01-05 10:23:57:2357 [33mwarn[39m: [33mErro na requisição: POST /multas - 400[39m
2026-01-05 10:23:57:2357 [35mhttp[39m: [35mPATCH /multas/0/pagar[39m
2026-01-05 10:23:57:2357 [35mhttp[39m: [35mPATCH /multas/0/pagar - Status: 400 - 0ms[39m
2026-01-05 10:23:57:2357 [33mwarn[39m: [33mErro na requisição: PATCH /multas/0/pagar - 400[39m
2026-01-05 10:24:30:2430 [35mhttp[39m: [35mGET /health[39m
2026-01-05 10:24:30:2430 [35mhttp[39m: [35mGET /health - Status: 200 - 0ms[39m
2026-01-05 10:24:30:2430 [35mhttp[39m: [35mGET /swagger.json[39m
2026-01-05 10:24:30:2430 [35mhttp[39m: [35mGET /swagger.json - Status: 200 - 0ms[39m
2026-01-05 10:24:30:2430 [35mhttp[39m: [35mGET /swagger.json - Status: 200 - 0ms[39m
2026-01-05 10:24:30:2430 [35mhttp[39m: [35mGET /cliente[39m
2026-01-05 10:24:30:2430 [35mhttp[39m: [35mGET /cliente - Status: 200 - 379ms[39m
2026-01-05 10:24:30:2430 [35mhttp[39m: [35mGET /cliente/cpf/00000000000[39m
2026-01-05 10:24:30:2430 [35mhttp[39m: [35mGET /cliente/cpf/00000000000 - Status: 400 - 0ms[39m
2026-01-05 10:24:30:2430 [33mwarn[39m: [33mErro na requisição: GET /cliente/cpf/00000000000 - 400[39m
2026-01-05 10:24:30:2430 [35mhttp[39m: [35mGET /livro[39m
2026-01-05 10:24:30:2430 [35mhttp[39m: [35mGET /livro - Status: 404 - 251ms[39m
2026-01-05 10:24:30:2430 [33mwarn[39m: [33mErro na requisição: GET /livro - 404[39m
2026-01-05 10:24:30:2430 [35mhttp[39m: [35mGET /livro/autor[39m
2026-01-05 10:24:31:2431 [35mhttp[39m: [35mGET /livro/autor - Status: 404 - 100ms[39m
2026-01-05 10:24:31:2431 [33mwarn[39m: [33mErro na requisição: GET /livro/autor - 404[39m
2026-01-05 10:24:31:2431 [35mhttp[39m: [35mGET /genero[39m
2026-01-05 10:24:31:2431 [35mhttp[39m: [35mGET /genero - Status: 400 - 0ms[39m
2026-01-05 10:24:31:2431 [33mwarn[39m: [33mErro na requisição: GET /genero - 400[39m
2026-01-05 10:24:31:2431 [35mhttp[39m: [35mGET /reservas[39m
2026-01-05 10:24:31:2431 [35mhttp[39m: [35mGET /reservas - Status: 200 - 55ms[39m
2026-01-05 10:24:31:2431 [35mhttp[39m: [35mGET /multas[39m
2026-01-05 10:24:31:2431 [31merror[39m: [31m[Erro ao buscar multas] Could not find a relationship between 'multa' and 'ReservaID' in the schema cache[39m
2026-01-05 10:24:31:2431 [35mhttp[39m: [35mGET /multas - Status: 500 - 75ms[39m
2026-01-05 10:24:31:2431 [33mwarn[39m: [33mErro na requisição: GET /multas - 500[39m
2026-01-05 10:24:31:2431 [35mhttp[39m: [35mPOST /cliente[39m
2026-01-05 10:24:31:2431 [35mhttp[39m: [35mPOST /cliente - Status: 400 - 0ms[39m
2026-01-05 10:24:31:2431 [33mwarn[39m: [33mErro na requisição: POST /cliente - 400[39m
2026-01-05 10:24:31:2431 [35mhttp[39m: [35mPOST /livro[39m
2026-01-05 10:24:31:2431 [35mhttp[39m: [35mPOST /livro - Status: 404 - 0ms[39m
2026-01-05 10:24:31:2431 [33mwarn[39m: [33mErro na requisição: POST /livro - 404[39m
2026-01-05 10:24:31:2431 [35mhttp[39m: [35mPOST /reservas[39m
2026-01-05 10:24:31:2431 [33mwarn[39m: [33m❌ Validação falhou - campos obrigatórios faltando[39m
2026-01-05 10:24:31:2431 [35mhttp[39m: [35mPOST /reservas - Status: 400 - 1ms[39m
2026-01-05 10:24:31:2431 [33mwarn[39m: [33mErro na requisição: POST /reservas - 400[39m
2026-01-05 10:24:31:2431 [35mhttp[39m: [35mPOST /devolucoes[39m
2026-01-05 10:24:31:2431 [35mhttp[39m: [35mPOST /devolucoes - Status: 400 - 0ms[39m
2026-01-05 10:24:31:2431 [33mwarn[39m: [33mErro na requisição: POST /devolucoes - 400[39m
2026-01-05 10:24:31:2431 [35mhttp[39m: [35mPOST /multas[39m
2026-01-05 10:24:31:2431 [35mhttp[39m: [35mPOST /multas - Status: 400 - 0ms[39m
2026-01-05 10:24:31:2431 [33mwarn[39m: [33mErro na requisição: POST /multas - 400[39m
2026-01-05 10:24:31:2431 [35mhttp[39m: [35mPATCH /multas/0/pagar[39m
2026-01-05 10:24:31:2431 [35mhttp[39m: [35mPATCH /multas/0/pagar - Status: 400 - 0ms[39m
2026-01-05 10:24:31:2431 [33mwarn[39m: [33mErro na requisição: PATCH /multas/0/pagar - 400[39m
2026-01-05 10:25:44:2544 [35mhttp[39m: [35mGET /health[39m
2026-01-05 10:25:44:2544 [35mhttp[39m: [35mGET /health - Status: 200 - 0ms[39m
2026-01-05 10:25:44:2544 [35mhttp[39m: [35mGET /swagger.json[39m
2026-01-05 10:25:44:2544 [35mhttp[39m: [35mGET /swagger.json - Status: 200 - 0ms[39m
2026-01-05 10:25:44:2544 [35mhttp[39m: [35mGET /swagger.json - Status: 200 - 0ms[39m
2026-01-05 10:25:44:2544 [35mhttp[39m: [35mGET /cliente[39m
2026-01-05 10:25:44:2544 [35mhttp[39m: [35mGET /cliente - Status: 200 - 439ms[39m
2026-01-05 10:25:44:2544 [35mhttp[39m: [35mGET /cliente/cpf/00000000000[39m
2026-01-05 10:25:44:2544 [35mhttp[39m: [35mGET /cliente/cpf/00000000000 - Status: 400 - 0ms[39m
2026-01-05 10:25:44:2544 [33mwarn[39m: [33mErro na requisição: GET /cliente/cpf/00000000000 - 400[39m
2026-01-05 10:25:44:2544 [35mhttp[39m: [35mGET /livro[39m
2026-01-05 10:25:44:2544 [35mhttp[39m: [35mGET /livro - Status: 404 - 166ms[39m
2026-01-05 10:25:44:2544 [33mwarn[39m: [33mErro na requisição: GET /livro - 404[39m
2026-01-05 10:25:44:2544 [35mhttp[39m: [35mGET /livro/autor[39m
2026-01-05 10:25:45:2545 [35mhttp[39m: [35mGET /livro/autor - Status: 404 - 70ms[39m
2026-01-05 10:25:45:2545 [33mwarn[39m: [33mErro na requisição: GET /livro/autor - 404[39m
2026-01-05 10:25:45:2545 [35mhttp[39m: [35mGET /genero[39m
2026-01-05 10:25:45:2545 [35mhttp[39m: [35mGET /genero - Status: 400 - 0ms[39m
2026-01-05 10:25:45:2545 [33mwarn[39m: [33mErro na requisição: GET /genero - 400[39m
2026-01-05 10:25:45:2545 [35mhttp[39m: [35mGET /reservas[39m
2026-01-05 10:25:45:2545 [35mhttp[39m: [35mGET /reservas - Status: 200 - 62ms[39m
2026-01-05 10:25:45:2545 [35mhttp[39m: [35mGET /multas[39m
2026-01-05 10:25:45:2545 [31merror[39m: [31m[Erro ao buscar multas] Could not find a relationship between 'multa' and 'ReservaID' in the schema cache[39m
2026-01-05 10:25:45:2545 [35mhttp[39m: [35mGET /multas - Status: 500 - 69ms[39m
2026-01-05 10:25:45:2545 [33mwarn[39m: [33mErro na requisição: GET /multas - 500[39m
2026-01-05 10:25:45:2545 [35mhttp[39m: [35mPOST /cliente[39m
2026-01-05 10:25:45:2545 [35mhttp[39m: [35mPOST /cliente - Status: 400 - 1ms[39m
2026-01-05 10:25:45:2545 [33mwarn[39m: [33mErro na requisição: POST /cliente - 400[39m
2026-01-05 10:25:45:2545 [35mhttp[39m: [35mPOST /livro[39m
2026-01-05 10:25:45:2545 [35mhttp[39m: [35mPOST /livro - Status: 404 - 0ms[39m
2026-01-05 10:25:45:2545 [33mwarn[39m: [33mErro na requisição: POST /livro - 404[39m
2026-01-05 10:25:45:2545 [35mhttp[39m: [35mPOST /reservas[39m
2026-01-05 10:25:45:2545 [33mwarn[39m: [33m❌ Validação falhou - campos obrigatórios faltando[39m
2026-01-05 10:25:45:2545 [35mhttp[39m: [35mPOST /reservas - Status: 400 - 1ms[39m
2026-01-05 10:25:45:2545 [33mwarn[39m: [33mErro na requisição: POST /reservas - 400[39m
2026-01-05 10:25:45:2545 [35mhttp[39m: [35mPOST /devolucoes[39m
2026-01-05 10:25:45:2545 [35mhttp[39m: [35mPOST /devolucoes - Status: 400 - 0ms[39m
2026-01-05 10:25:45:2545 [33mwarn[39m: [33mErro na requisição: POST /devolucoes - 400[39m
2026-01-05 10:25:45:2545 [35mhttp[39m: [35mPOST /multas[39m
2026-01-05 10:25:45:2545 [35mhttp[39m: [35mPOST /multas - Status: 400 - 1ms[39m
2026-01-05 10:25:45:2545 [33mwarn[39m: [33mErro na requisição: POST /multas - 400[39m
2026-01-05 10:25:45:2545 [35mhttp[39m: [35mPATCH /multas/0/pagar[39m
2026-01-05 10:25:45:2545 [35mhttp[39m: [35mPATCH /multas/0/pagar - Status: 400 - 0ms[39m
2026-01-05 10:25:45:2545 [33mwarn[39m: [33mErro na requisição: PATCH /multas/0/pagar - 400[39m
2026-01-05 10:25:57:2557 [35mhttp[39m: [35mGET /health[39m
2026-01-05 10:25:57:2557 [35mhttp[39m: [35mGET /health - Status: 200 - 0ms[39m
2026-01-05 10:25:57:2557 [35mhttp[39m: [35mGET /swagger.json[39m
2026-01-05 10:25:57:2557 [35mhttp[39m: [35mGET /swagger.json - Status: 200 - 0ms[39m
2026-01-05 10:25:57:2557 [35mhttp[39m: [35mGET /swagger.json - Status: 200 - 0ms[39m
2026-01-05 10:25:57:2557 [35mhttp[39m: [35mGET /cliente[39m
2026-01-05 10:25:57:2557 [35mhttp[39m: [35mGET /cliente - Status: 200 - 185ms[39m
2026-01-05 10:25:57:2557 [35mhttp[39m: [35mGET /livro[39m
2026-01-05 10:25:58:2558 [35mhttp[39m: [35mGET /livro - Status: 404 - 454ms[39m
2026-01-05 10:25:58:2558 [33mwarn[39m: [33mErro na requisição: GET /livro - 404[39m
2026-01-05 10:25:58:2558 [35mhttp[39m: [35mGET /genero[39m
2026-01-05 10:25:58:2558 [35mhttp[39m: [35mGET /genero - Status: 400 - 0ms[39m
2026-01-05 10:25:58:2558 [33mwarn[39m: [33mErro na requisição: GET /genero - 400[39m
2026-01-05 10:25:58:2558 [35mhttp[39m: [35mGET /reservas[39m
2026-01-05 10:25:58:2558 [35mhttp[39m: [35mGET /reservas - Status: 200 - 253ms[39m
2026-01-05 10:25:58:2558 [35mhttp[39m: [35mGET /multas[39m
2026-01-05 10:25:58:2558 [31merror[39m: [31m[Erro ao buscar multas] Could not find a relationship between 'multa' and 'ReservaID' in the schema cache[39m
2026-01-05 10:25:58:2558 [35mhttp[39m: [35mGET /multas - Status: 500 - 51ms[39m
2026-01-05 10:25:58:2558 [33mwarn[39m: [33mErro na requisição: GET /multas - 500[39m
2026-01-05 10:25:58:2558 [35mhttp[39m: [35mPOST /cliente[39m
2026-01-05 10:25:58:2558 [35mhttp[39m: [35mPOST /cliente - Status: 400 - 1ms[39m
2026-01-05 10:25:58:2558 [33mwarn[39m: [33mErro na requisição: POST /cliente - 400[39m
2026-01-05 10:25:58:2558 [35mhttp[39m: [35mPOST /livro[39m
2026-01-05 10:25:58:2558 [35mhttp[39m: [35mPOST /livro - Status: 404 - 0ms[39m
2026-01-05 10:25:58:2558 [33mwarn[39m: [33mErro na requisição: POST /livro - 404[39m
2026-01-05 10:25:58:2558 [35mhttp[39m: [35mPOST /reservas[39m
2026-01-05 10:25:58:2558 [33mwarn[39m: [33m❌ Validação falhou - campos obrigatórios faltando[39m
2026-01-05 10:25:58:2558 [35mhttp[39m: [35mPOST /reservas - Status: 400 - 1ms[39m
2026-01-05 10:25:58:2558 [33mwarn[39m: [33mErro na requisição: POST /reservas - 400[39m
2026-01-05 10:26:16:2616 [35mhttp[39m: [35mGET /livro[39m
2026-01-05 10:26:16:2616 [35mhttp[39m: [35mGET /livro - Status: 400 - 0ms[39m
2026-01-05 10:26:16:2616 [33mwarn[39m: [33mErro na requisição: GET /livro - 400[39m
2026-01-05 10:26:16:2616 [35mhttp[39m: [35mGET /livro/autor[39m
2026-01-05 10:26:16:2616 [35mhttp[39m: [35mGET /livro/autor - Status: 400 - 0ms[39m
2026-01-05 10:26:16:2616 [33mwarn[39m: [33mErro na requisição: GET /livro/autor - 400[39m
2026-01-05 10:26:16:2616 [35mhttp[39m: [35mGET /livro/autor[39m
2026-01-05 10:26:16:2616 [35mhttp[39m: [35mGET /livro/autor - Status: 404 - 93ms[39m
2026-01-05 10:26:16:2616 [33mwarn[39m: [33mErro na requisição: GET /livro/autor - 404[39m
2026-01-05 10:26:16:2616 [35mhttp[39m: [35mGET /livro[39m
2026-01-05 10:26:16:2616 [35mhttp[39m: [35mGET /livro - Status: 404 - 121ms[39m
2026-01-05 10:26:16:2616 [33mwarn[39m: [33mErro na requisição: GET /livro - 404[39m
2026-01-05 10:26:27:2627 [35mhttp[39m: [35mGET /livro[39m
2026-01-05 10:26:27:2627 [35mhttp[39m: [35mGET /livro - Status: 400 - 1ms[39m
2026-01-05 10:26:27:2627 [33mwarn[39m: [33mErro na requisição: GET /livro - 400[39m
2026-01-05 10:26:27:2627 [35mhttp[39m: [35mGET /livro/autor[39m
2026-01-05 10:26:27:2627 [35mhttp[39m: [35mGET /livro/autor - Status: 400 - 1ms[39m
2026-01-05 10:26:27:2627 [33mwarn[39m: [33mErro na requisição: GET /livro/autor - 400[39m
2026-01-05 10:26:27:2627 [35mhttp[39m: [35mGET /livro/autor[39m
2026-01-05 10:26:27:2627 [35mhttp[39m: [35mGET /livro/autor - Status: 404 - 106ms[39m
2026-01-05 10:26:27:2627 [33mwarn[39m: [33mErro na requisição: GET /livro/autor - 404[39m
2026-01-05 10:26:27:2627 [35mhttp[39m: [35mGET /livro[39m
2026-01-05 10:26:27:2627 [35mhttp[39m: [35mGET /livro - Status: 404 - 135ms[39m
2026-01-05 10:26:27:2627 [33mwarn[39m: [33mErro na requisição: GET /livro - 404[39m
2026-01-05 10:27:30:2730 [35mhttp[39m: [35mGET /multas[39m
2026-01-05 10:27:30:2730 [31merror[39m: [31m[Erro ao buscar multas] Could not find a relationship between 'multa' and 'ReservaID' in the schema cache[39m
2026-01-05 10:27:30:2730 [35mhttp[39m: [35mGET /multas - Status: 500 - 330ms[39m
2026-01-05 10:27:30:2730 [33mwarn[39m: [33mErro na requisição: GET /multas - 500[39m
2026-01-05 10:27:38:2738 [35mhttp[39m: [35mGET /multas[39m
2026-01-05 10:27:38:2738 [31merror[39m: [31m[Erro ao buscar multas] Could not find a relationship between 'multa' and 'ReservaID' in the schema cache[39m
2026-01-05 10:27:38:2738 [35mhttp[39m: [35mGET /multas - Status: 500 - 91ms[39m
2026-01-05 10:27:38:2738 [33mwarn[39m: [33mErro na requisição: GET /multas - 500[39m
2026-01-05 10:28:07:287 [35mhttp[39m: [35mGET /multas[39m
2026-01-05 10:28:07:287 [31merror[39m: [31m[Erro ao buscar multas] Could not find a relationship between 'multa' and 'ReservaID' in the schema cache[39m
2026-01-05 10:28:07:287 [35mhttp[39m: [35mGET /multas - Status: 500 - 98ms[39m
2026-01-05 10:28:07:287 [33mwarn[39m: [33mErro na requisição: GET /multas - 500[39m
2026-01-05 10:42:24:4224 [32minfo[39m: [32m🚀 Servidor rodando na porta 3000[39m
2026-01-05 10:42:24:4224 [32minfo[39m: [32m📍 Health check: http://localhost:3000/health[39m
2026-01-05 10:42:24:4224 [32minfo[39m: [32m📚 Documentação: http://localhost:3000/api-docs[39m
2026-01-05 10:44:03:443 [35mhttp[39m: [35mGET /health[39m
2026-01-05 10:44:03:443 [35mhttp[39m: [35mGET /health - Status: 200 - 0ms[39m
2026-01-05 10:44:03:443 [35mhttp[39m: [35mGET /multas[39m
2026-01-05 10:44:04:444 [31merror[39m: [31m[Erro ao buscar multas] Could not find a relationship between 'multa' and 'ReservaID' in the schema cache[39m
2026-01-05 10:44:04:444 [35mhttp[39m: [35mGET /multas - Status: 500 - 1053ms[39m
2026-01-05 10:44:04:444 [33mwarn[39m: [33mErro na requisição: GET /multas - 500[39m
2026-01-05 10:44:24:4424 [35mhttp[39m: [35mGET /multas[39m
2026-01-05 10:44:24:4424 [31merror[39m: [31m[Erro ao buscar multas] Could not find a relationship between 'multa' and 'ReservaID' in the schema cache[39m
2026-01-05 10:44:24:4424 [35mhttp[39m: [35mGET /multas - Status: 500 - 151ms[39m
2026-01-05 10:44:24:4424 [33mwarn[39m: [33mErro na requisição: GET /multas - 500[39m
2026-01-05 10:54:40:5440 [35mhttp[39m: [35mPOST /__shutdown[39m
2026-01-05 10:54:40:5440 [35mhttp[39m: [35mPOST /__shutdown - Status: 404 - 0ms[39m
2026-01-05 10:54:40:5440 [33mwarn[39m: [33mErro na requisição: POST /__shutdown - 404[39m
2026-01-05 10:57:46:5746 [32minfo[39m: [32m🚀 Servidor rodando na porta 3000[39m
2026-01-05 10:57:46:5746 [32minfo[39m: [32m📍 Health check: http://localhost:3000/health[39m
2026-01-05 10:57:46:5746 [32minfo[39m: [32m📚 Documentação: http://localhost:3000/api-docs[39m
2026-01-06 08:12:25:1225 [32minfo[39m: [32m🚀 Servidor rodando na porta 3000[39m
2026-01-06 08:12:25:1225 [32minfo[39m: [32m📍 Health check: http://localhost:3000/health[39m
2026-01-06 08:12:25:1225 [32minfo[39m: [32m📚 Documentação: http://localhost:3000/api-docs[39m
2026-01-06 10:31:04:314 [32minfo[39m: [32m🚀 Servidor rodando na porta 3000[39m
2026-01-06 10:31:04:314 [32minfo[39m: [32m📍 Health check: http://localhost:3000/health[39m
2026-01-06 10:31:04:314 [32minfo[39m: [32m📚 Documentação: http://localhost:3000/api-docs[39m
2026-01-06 10:48:49:4849 [32minfo[39m: [32m🚀 Servidor rodando na porta 3000[39m
2026-01-06 10:48:49:4849 [32minfo[39m: [32m📍 Health check: http://localhost:3000/health[39m
2026-01-06 10:48:49:4849 [32minfo[39m: [32m📚 Documentação: http://localhost:3000/api-docs[39m
2026-01-09 08:40:38:4038 [32minfo[39m: [32m🚀 Servidor rodando na porta 3000[39m
2026-01-09 08:40:38:4038 [32minfo[39m: [32m📍 Health check: http://localhost:3000/health[39m
2026-01-09 08:40:38:4038 [32minfo[39m: [32m📚 Documentação: http://localhost:3000/api-docs[39m
2026-01-09 08:44:57:4457 [32minfo[39m: [32m🚀 Servidor rodando na porta 3000[39m
2026-01-09 08:44:57:4457 [32minfo[39m: [32m📍 Health check: http://localhost:3000/health[39m
2026-01-09 08:44:57:4457 [32minfo[39m: [32m📚 Documentação: http://localhost:3000/api-docs[39m
2026-01-12 09:06:42:642 [32minfo[39m: [32m🚀 Servidor rodando na porta 3000[39m
2026-01-12 09:06:42:642 [32minfo[39m: [32m📍 Health check: http://localhost:3000/health[39m
2026-01-12 09:06:42:642 [32minfo[39m: [32m📚 Documentação: http://localhost:3000/api-docs[39m
2026-01-12 09:07:03:73 [32minfo[39m: [32m🚀 Servidor rodando na porta 3000[39m
2026-01-12 09:07:03:73 [32minfo[39m: [32m📍 Health check: http://localhost:3000/health[39m
2026-01-12 09:07:03:73 [32minfo[39m: [32m📚 Documentação: http://localhost:3000/api-docs[39m
2026-01-12 09:07:12:712 [32minfo[39m: [32m🚀 Servidor rodando na porta 3000[39m
2026-01-12 09:07:12:712 [32minfo[39m: [32m📍 Health check: http://localhost:3000/health[39m
2026-01-12 09:07:12:712 [32minfo[39m: [32m📚 Documentação: http://localhost:3000/api-docs[39m
2026-01-12 09:08:25:825 [32minfo[39m: [32m🚀 Servidor rodando na porta 3000[39m
2026-01-12 09:08:25:825 [32minfo[39m: [32m📍 Health check: http://localhost:3000/health[39m
2026-01-12 09:08:25:825 [32minfo[39m: [32m📚 Documentação: http://localhost:3000/api-docs[39m
2026-01-12 09:11:13:1113 [32minfo[39m: [32m🚀 Servidor rodando na porta 3000[39m
2026-01-12 09:11:13:1113 [32minfo[39m: [32m📍 Health check: http://localhost:3000/health[39m
2026-01-12 09:11:13:1113 [32minfo[39m: [32m📚 Documentação: http://localhost:3000/api-docs[39m
2026-01-12 09:11:15:1115 [35mhttp[39m: [35mGET /health[39m
2026-01-12 09:11:15:1115 [35mhttp[39m: [35mGET /health - Status: 200 - 2ms[39m
2026-01-12 09:11:24:1124 [32minfo[39m: [32m🚀 Servidor rodando na porta 3000[39m
2026-01-12 09:11:24:1124 [32minfo[39m: [32m📍 Health check: http://localhost:3000/health[39m
2026-01-12 09:11:24:1124 [32minfo[39m: [32m📚 Documentação: http://localhost:3000/api-docs[39m
2026-01-12 09:11:24:1124 [35mhttp[39m: [35mGET /health[39m
2026-01-12 09:11:24:1124 [35mhttp[39m: [35mGET /health - Status: 200 - 2ms[39m
2026-01-12 09:14:45:1445 [35mhttp[39m: [35mGET /multas[39m
2026-01-12 09:14:46:1446 [35mhttp[39m: [35mGET /multas - Status: 200 - 1199ms[39m
2026-01-12 09:15:03:153 [32minfo[39m: [32m🚀 Servidor rodando na porta 3000[39m
2026-01-12 09:15:03:153 [32minfo[39m: [32m📍 Health check: http://localhost:3000/health[39m
2026-01-12 09:15:03:153 [32minfo[39m: [32m📚 Documentação: http://localhost:3000/api-docs[39m
2026-01-12 09:16:32:1632 [32minfo[39m: [32m🚀 Servidor rodando na porta 3000[39m
2026-01-12 09:16:32:1632 [32minfo[39m: [32m📍 Health check: http://localhost:3000/health[39m
2026-01-12 09:16:32:1632 [32minfo[39m: [32m📚 Documentação: http://localhost:3000/api-docs[39m
2026-01-12 09:16:45:1645 [32minfo[39m: [32m🚀 Servidor rodando na porta 3000[39m
2026-01-12 09:16:45:1645 [32minfo[39m: [32m📍 Health check: http://localhost:3000/health[39m
2026-01-12 09:16:45:1645 [32minfo[39m: [32m📚 Documentação: http://localhost:3000/api-docs[39m
2026-01-12 09:17:24:1724 [32minfo[39m: [32m🚀 Servidor rodando na porta 3000[39m
2026-01-12 09:17:24:1724 [32minfo[39m: [32m📍 Health check: http://localhost:3000/health[39m
2026-01-12 09:17:24:1724 [32minfo[39m: [32m📚 Documentação: http://localhost:3000/api-docs[39m
2026-01-12 09:17:32:1732 [32minfo[39m: [32m🚀 Servidor rodando na porta 3000[39m
2026-01-12 09:17:32:1732 [32minfo[39m: [32m📍 Health check: http://localhost:3000/health[39m
2026-01-12 09:17:32:1732 [32minfo[39m: [32m📚 Documentação: http://localhost:3000/api-docs[39m
2026-01-12 09:18:02:182 [32minfo[39m: [32m🚀 Servidor rodando na porta 3000[39m
2026-01-12 09:18:02:182 [32minfo[39m: [32m📍 Health check: http://localhost:3000/health[39m
2026-01-12 09:18:02:182 [32minfo[39m: [32m📚 Documentação: http://localhost:3000/api-docs[39m
2026-01-12 09:18:03:183 [35mhttp[39m: [35mPOST /livro[39m
2026-01-12 09:18:03:183 [31merror[39m: [31m[Erro ao criar gênero] null value in column "GeneroID" of relation "genero" violates not-null constraint[39m
2026-01-12 09:18:03:183 [35mhttp[39m: [35mPOST /livro - Status: 500 - 533ms[39m
2026-01-12 09:18:03:183 [33mwarn[39m: [33mErro na requisição: POST /livro - 500[39m
2026-01-12 09:18:04:184 [35mhttp[39m: [35mPOST /multas[39m
2026-01-12 09:18:04:184 [31merror[39m: [31m[Erro ao criar multa] Could not find the 'PendenciaID' column of 'multa' in the schema cache[39m
2026-01-12 09:18:04:184 [35mhttp[39m: [35mPOST /multas - Status: 500 - 59ms[39m
2026-01-12 09:18:04:184 [33mwarn[39m: [33mErro na requisição: POST /multas - 500[39m
2026-01-12 09:18:24:1824 [32minfo[39m: [32m🚀 Servidor rodando na porta 3000[39m
2026-01-12 09:18:24:1824 [32minfo[39m: [32m📍 Health check: http://localhost:3000/health[39m
2026-01-12 09:18:24:1824 [32minfo[39m: [32m📚 Documentação: http://localhost:3000/api-docs[39m
2026-01-12 09:18:24:1824 [35mhttp[39m: [35mPOST /livro[39m
2026-01-12 09:18:25:1825 [31merror[39m: [31m[Erro ao criar gênero] null value in column "GeneroID" of relation "genero" violates not-null constraint[39m
2026-01-12 09:18:25:1825 [35mhttp[39m: [35mPOST /livro - Status: 500 - 162ms[39m
2026-01-12 09:18:25:1825 [33mwarn[39m: [33mErro na requisição: POST /livro - 500[39m
2026-01-12 09:18:25:1825 [35mhttp[39m: [35mPOST /multas[39m
2026-01-12 09:18:25:1825 [31merror[39m: [31m[Erro ao criar multa] Could not find the 'PendenciaID' column of 'multa' in the schema cache[39m
2026-01-12 09:18:25:1825 [35mhttp[39m: [35mPOST /multas - Status: 500 - 63ms[39m
2026-01-12 09:18:25:1825 [33mwarn[39m: [33mErro na requisição: POST /multas - 500[39m
2026-01-12 09:22:05:225 [32minfo[39m: [32m🚀 Servidor rodando na porta 3000[39m
2026-01-12 09:22:05:225 [32minfo[39m: [32m📍 Health check: http://localhost:3000/health[39m
2026-01-12 09:22:05:225 [32minfo[39m: [32m📚 Documentação: http://localhost:3000/api-docs[39m
2026-01-12 09:22:06:226 [35mhttp[39m: [35mGET /health[39m
2026-01-12 09:22:06:226 [35mhttp[39m: [35mGET /health - Status: 200 - 2ms[39m
2026-01-12 09:22:06:226 [35mhttp[39m: [35mGET /multas[39m
2026-01-12 09:22:07:227 [35mhttp[39m: [35mGET /multas - Status: 200 - 657ms[39m
2026-01-12 09:22:07:227 [35mhttp[39m: [35mPOST /livro[39m
2026-01-12 09:22:07:227 [35mhttp[39m: [35mPOST /livro - Status: 400 - 89ms[39m
2026-01-12 09:22:07:227 [33mwarn[39m: [33mErro na requisição: POST /livro - 400[39m
2026-01-12 09:22:07:227 [35mhttp[39m: [35mPOST /multas[39m
2026-01-12 09:22:07:227 [31merror[39m: [31m[Erro ao criar multa] Could not find the 'ReservaID' column of 'multa' in the schema cache[39m
2026-01-12 09:22:07:227 [35mhttp[39m: [35mPOST /multas - Status: 500 - 127ms[39m
2026-01-12 09:22:07:227 [33mwarn[39m: [33mErro na requisição: POST /multas - 500[39m
2026-01-12 09:22:32:2232 [32minfo[39m: [32m🚀 Servidor rodando na porta 3000[39m
2026-01-12 09:22:32:2232 [32minfo[39m: [32m📍 Health check: http://localhost:3000/health[39m
2026-01-12 09:22:32:2232 [32minfo[39m: [32m📚 Documentação: http://localhost:3000/api-docs[39m
2026-01-12 09:22:33:2233 [35mhttp[39m: [35mGET /health[39m
2026-01-12 09:22:33:2233 [35mhttp[39m: [35mGET /health - Status: 200 - 3ms[39m
2026-01-12 09:22:33:2233 [35mhttp[39m: [35mGET /multas[39m
2026-01-12 09:22:33:2233 [35mhttp[39m: [35mGET /multas - Status: 200 - 157ms[39m
2026-01-12 09:22:33:2233 [35mhttp[39m: [35mPOST /livro[39m
2026-01-12 09:22:34:2234 [35mhttp[39m: [35mPOST /livro - Status: 400 - 79ms[39m
2026-01-12 09:22:34:2234 [33mwarn[39m: [33mErro na requisição: POST /livro - 400[39m
2026-01-12 09:22:34:2234 [35mhttp[39m: [35mPOST /multas[39m
2026-01-12 09:22:34:2234 [31merror[39m: [31m[Erro ao criar multa] Could not find the 'ReservaID' column of 'multa' in the schema cache[39m
2026-01-12 09:22:34:2234 [35mhttp[39m: [35mPOST /multas - Status: 500 - 133ms[39m
2026-01-12 09:22:34:2234 [33mwarn[39m: [33mErro na requisição: POST /multas - 500[39m
2026-01-12 09:22:50:2250 [32minfo[39m: [32m🚀 Servidor rodando na porta 3000[39m
2026-01-12 09:22:50:2250 [32minfo[39m: [32m📍 Health check: http://localhost:3000/health[39m
2026-01-12 09:22:50:2250 [32minfo[39m: [32m📚 Documentação: http://localhost:3000/api-docs[39m
2026-01-12 09:22:51:2251 [35mhttp[39m: [35mGET /health[39m
2026-01-12 09:22:51:2251 [35mhttp[39m: [35mGET /health - Status: 200 - 3ms[39m
2026-01-12 09:22:51:2251 [35mhttp[39m: [35mGET /multas[39m
2026-01-12 09:22:51:2251 [35mhttp[39m: [35mGET /multas - Status: 200 - 156ms[39m
2026-01-12 09:22:51:2251 [35mhttp[39m: [35mPOST /livro[39m
2026-01-12 09:22:51:2251 [35mhttp[39m: [35mPOST /livro - Status: 400 - 63ms[39m
2026-01-12 09:22:51:2251 [33mwarn[39m: [33mErro na requisição: POST /livro - 400[39m
2026-01-12 09:22:51:2251 [35mhttp[39m: [35mPOST /multas[39m
2026-01-12 09:22:52:2252 [31merror[39m: [31m[Erro ao criar multa] Could not find the 'ReservaID' column of 'multa' in the schema cache[39m
2026-01-12 09:22:52:2252 [35mhttp[39m: [35mPOST /multas - Status: 500 - 117ms[39m
2026-01-12 09:22:52:2252 [33mwarn[39m: [33mErro na requisição: POST /multas - 500[39m
2026-01-12 10:25:39:2539 [32minfo[39m: [32m🚀 Servidor rodando na porta 3000[39m
2026-01-12 10:25:39:2539 [32minfo[39m: [32m📍 Health check: http://localhost:3000/health[39m
2026-01-12 10:25:39:2539 [32minfo[39m: [32m📚 Documentação: http://localhost:3000/api-docs[39m
2026-01-12 10:25:41:2541 [35mhttp[39m: [35mGET /health[39m
2026-01-12 10:25:41:2541 [35mhttp[39m: [35mGET /health - Status: 200 - 4ms[39m
2026-01-12 10:25:41:2541 [35mhttp[39m: [35mGET /cliente[39m
2026-01-12 10:25:42:2542 [35mhttp[39m: [35mGET /cliente - Status: 200 - 1417ms[39m
2026-01-12 10:25:42:2542 [35mhttp[39m: [35mGET /cliente/cpf/00000000000[39m
2026-01-12 10:25:42:2542 [35mhttp[39m: [35mGET /cliente/cpf/00000000000 - Status: 400 - 1ms[39m
2026-01-12 10:25:42:2542 [33mwarn[39m: [33mErro na requisição: GET /cliente/cpf/00000000000 - 400[39m
2026-01-12 10:25:42:2542 [35mhttp[39m: [35mGET /endereco[39m
2026-01-12 10:25:43:2543 [35mhttp[39m: [35mGET /endereco - Status: 200 - 355ms[39m
2026-01-12 10:25:43:2543 [35mhttp[39m: [35mGET /livro[39m
2026-01-12 10:25:43:2543 [35mhttp[39m: [35mGET /livro - Status: 404 - 239ms[39m
2026-01-12 10:25:43:2543 [33mwarn[39m: [33mErro na requisição: GET /livro - 404[39m
2026-01-12 10:25:43:2543 [35mhttp[39m: [35mGET /livro/autor[39m
2026-01-12 10:25:43:2543 [35mhttp[39m: [35mGET /livro/autor - Status: 404 - 151ms[39m
2026-01-12 10:25:43:2543 [33mwarn[39m: [33mErro na requisição: GET /livro/autor - 404[39m
2026-01-12 10:25:43:2543 [35mhttp[39m: [35mGET /genero[39m
2026-01-12 10:25:43:2543 [35mhttp[39m: [35mGET /genero - Status: 404 - 87ms[39m
2026-01-12 10:25:43:2543 [33mwarn[39m: [33mErro na requisição: GET /genero - 404[39m
2026-01-12 10:25:43:2543 [35mhttp[39m: [35mPOST /cliente[39m
2026-01-12 10:25:43:2543 [35mhttp[39m: [35mPOST /cliente - Status: 400 - 2ms[39m
2026-01-12 10:25:43:2543 [33mwarn[39m: [33mErro na requisição: POST /cliente - 400[39m
2026-01-12 10:25:43:2543 [35mhttp[39m: [35mPOST /reservas[39m
2026-01-12 10:25:43:2543 [33mwarn[39m: [33m❌ Validação falhou - campos obrigatórios faltando[39m
2026-01-12 10:25:43:2543 [35mhttp[39m: [35mPOST /reservas - Status: 400 - 1ms[39m
2026-01-12 10:25:43:2543 [33mwarn[39m: [33mErro na requisição: POST /reservas - 400[39m
2026-01-12 10:25:43:2543 [35mhttp[39m: [35mGET /reservas[39m
2026-01-12 10:25:43:2543 [35mhttp[39m: [35mGET /reservas - Status: 200 - 109ms[39m
2026-01-12 10:25:43:2543 [35mhttp[39m: [35mGET /reservas/0[39m
2026-01-12 10:25:43:2543 [35mhttp[39m: [35mGET /reservas/0 - Status: 404 - 110ms[39m
2026-01-12 10:25:43:2543 [33mwarn[39m: [33mErro na requisição: GET /reservas/0 - 404[39m
2026-01-12 10:25:43:2543 [35mhttp[39m: [35mPUT /reservas/0[39m
2026-01-12 10:25:43:2543 [35mhttp[39m: [35mPUT /reservas/0 - Status: 404 - 65ms[39m
2026-01-12 10:25:43:2543 [33mwarn[39m: [33mErro na requisição: PUT /reservas/0 - 404[39m
2026-01-12 10:25:43:2543 [35mhttp[39m: [35mPATCH /reservas/0[39m
2026-01-12 10:25:43:2543 [35mhttp[39m: [35mPATCH /reservas/0 - Status: 400 - 0ms[39m
2026-01-12 10:25:43:2543 [33mwarn[39m: [33mErro na requisição: PATCH /reservas/0 - 400[39m
2026-01-12 10:25:43:2543 [35mhttp[39m: [35mDELETE /reservas/0[39m
2026-01-12 10:25:43:2543 [35mhttp[39m: [35mDELETE /reservas/0 - Status: 404 - 55ms[39m
2026-01-12 10:25:43:2543 [33mwarn[39m: [33mErro na requisição: DELETE /reservas/0 - 404[39m
2026-01-12 10:25:43:2543 [35mhttp[39m: [35mPOST /devolucoes[39m
2026-01-12 10:25:43:2543 [35mhttp[39m: [35mPOST /devolucoes - Status: 400 - 1ms[39m
2026-01-12 10:25:43:2543 [33mwarn[39m: [33mErro na requisição: POST /devolucoes - 400[39m
2026-01-12 10:25:43:2543 [35mhttp[39m: [35mGET /multas[39m
2026-01-12 10:25:44:2544 [35mhttp[39m: [35mGET /multas - Status: 200 - 64ms[39m
2026-01-12 10:25:44:2544 [35mhttp[39m: [35mGET /multas/0[39m
2026-01-12 10:25:44:2544 [35mhttp[39m: [35mGET /multas/0 - Status: 400 - 1ms[39m
2026-01-12 10:25:44:2544 [33mwarn[39m: [33mErro na requisição: GET /multas/0 - 400[39m
2026-01-12 10:25:44:2544 [35mhttp[39m: [35mPATCH /multas/0/pagar[39m
2026-01-12 10:25:44:2544 [35mhttp[39m: [35mPATCH /multas/0/pagar - Status: 400 - 1ms[39m
2026-01-12 10:25:44:2544 [33mwarn[39m: [33mErro na requisição: PATCH /multas/0/pagar - 400[39m
2026-01-12 10:25:44:2544 [35mhttp[39m: [35mPOST /livro[39m
2026-01-12 10:25:44:2544 [35mhttp[39m: [35mPOST /livro - Status: 400 - 63ms[39m
2026-01-12 10:25:44:2544 [33mwarn[39m: [33mErro na requisição: POST /livro - 400[39m
2026-01-12 10:25:44:2544 [35mhttp[39m: [35mPOST /multas[39m
2026-01-12 10:25:44:2544 [31merror[39m: [31m[Erro ao criar multa] Could not find the 'ReservaID' column of 'multa' in the schema cache[39m
2026-01-12 10:25:44:2544 [35mhttp[39m: [35mPOST /multas - Status: 500 - 109ms[39m
2026-01-12 10:25:44:2544 [33mwarn[39m: [33mErro na requisição: POST /multas - 500[39m
2026-01-12 10:33:17:3317 [32minfo[39m: [32m🚀 Servidor rodando na porta 3000[39m
2026-01-12 10:33:17:3317 [32minfo[39m: [32m📍 Health check: http://localhost:3000/health[39m
2026-01-12 10:33:17:3317 [32minfo[39m: [32m📚 Documentação: http://localhost:3000/api-docs[39m
2026-01-12 10:33:18:3318 [35mhttp[39m: [35mGET /health[39m
2026-01-12 10:33:18:3318 [35mhttp[39m: [35mGET /health - Status: 200 - 3ms[39m
2026-01-12 10:33:18:3318 [35mhttp[39m: [35mGET /cliente[39m
2026-01-12 10:33:19:3319 [35mhttp[39m: [35mGET /cliente - Status: 200 - 842ms[39m
2026-01-12 10:33:19:3319 [35mhttp[39m: [35mGET /cliente/cpf/00000000000[39m
2026-01-12 10:33:19:3319 [35mhttp[39m: [35mGET /cliente/cpf/00000000000 - Status: 400 - 0ms[39m
2026-01-12 10:33:19:3319 [33mwarn[39m: [33mErro na requisição: GET /cliente/cpf/00000000000 - 400[39m
2026-01-12 10:33:19:3319 [35mhttp[39m: [35mGET /endereco[39m
2026-01-12 10:33:19:3319 [35mhttp[39m: [35mGET /endereco - Status: 200 - 198ms[39m
2026-01-12 10:33:19:3319 [35mhttp[39m: [35mGET /livro[39m
2026-01-12 10:33:19:3319 [35mhttp[39m: [35mGET /livro - Status: 404 - 211ms[39m
2026-01-12 10:33:19:3319 [33mwarn[39m: [33mErro na requisição: GET /livro - 404[39m
2026-01-12 10:33:19:3319 [35mhttp[39m: [35mGET /livro/autor[39m
2026-01-12 10:33:19:3319 [35mhttp[39m: [35mGET /livro/autor - Status: 404 - 85ms[39m
2026-01-12 10:33:19:3319 [33mwarn[39m: [33mErro na requisição: GET /livro/autor - 404[39m
2026-01-12 10:33:19:3319 [35mhttp[39m: [35mGET /genero[39m
2026-01-12 10:33:19:3319 [35mhttp[39m: [35mGET /genero - Status: 404 - 49ms[39m
2026-01-12 10:33:19:3319 [33mwarn[39m: [33mErro na requisição: GET /genero - 404[39m
2026-01-12 10:33:19:3319 [35mhttp[39m: [35mPOST /cliente[39m
2026-01-12 10:33:19:3319 [35mhttp[39m: [35mPOST /cliente - Status: 400 - 1ms[39m
2026-01-12 10:33:19:3319 [33mwarn[39m: [33mErro na requisição: POST /cliente - 400[39m
2026-01-12 10:33:19:3319 [35mhttp[39m: [35mPOST /reservas[39m
2026-01-12 10:33:19:3319 [33mwarn[39m: [33m❌ Validação falhou - campos obrigatórios faltando[39m
2026-01-12 10:33:19:3319 [35mhttp[39m: [35mPOST /reservas - Status: 400 - 1ms[39m
2026-01-12 10:33:19:3319 [33mwarn[39m: [33mErro na requisição: POST /reservas - 400[39m
2026-01-12 10:33:19:3319 [35mhttp[39m: [35mGET /reservas[39m
2026-01-12 10:33:19:3319 [35mhttp[39m: [35mGET /reservas - Status: 200 - 57ms[39m
2026-01-12 10:33:19:3319 [35mhttp[39m: [35mGET /reservas/0[39m
2026-01-12 10:33:19:3319 [35mhttp[39m: [35mGET /reservas/0 - Status: 404 - 62ms[39m
2026-01-12 10:33:19:3319 [33mwarn[39m: [33mErro na requisição: GET /reservas/0 - 404[39m
2026-01-12 10:33:19:3319 [35mhttp[39m: [35mPUT /reservas/0[39m
2026-01-12 10:33:20:3320 [35mhttp[39m: [35mPUT /reservas/0 - Status: 404 - 55ms[39m
2026-01-12 10:33:20:3320 [33mwarn[39m: [33mErro na requisição: PUT /reservas/0 - 404[39m
2026-01-12 10:33:20:3320 [35mhttp[39m: [35mPATCH /reservas/0[39m
2026-01-12 10:33:20:3320 [35mhttp[39m: [35mPATCH /reservas/0 - Status: 400 - 0ms[39m
2026-01-12 10:33:20:3320 [33mwarn[39m: [33mErro na requisição: PATCH /reservas/0 - 400[39m
2026-01-12 10:33:20:3320 [35mhttp[39m: [35mDELETE /reservas/0[39m
2026-01-12 10:33:20:3320 [35mhttp[39m: [35mDELETE /reservas/0 - Status: 404 - 77ms[39m
2026-01-12 10:33:20:3320 [33mwarn[39m: [33mErro na requisição: DELETE /reservas/0 - 404[39m
2026-01-12 10:33:20:3320 [35mhttp[39m: [35mPOST /devolucoes[39m
2026-01-12 10:33:20:3320 [35mhttp[39m: [35mPOST /devolucoes - Status: 400 - 0ms[39m
2026-01-12 10:33:20:3320 [33mwarn[39m: [33mErro na requisição: POST /devolucoes - 400[39m
2026-01-12 10:33:20:3320 [35mhttp[39m: [35mGET /multas[39m
2026-01-12 10:33:20:3320 [35mhttp[39m: [35mGET /multas - Status: 200 - 68ms[39m
2026-01-12 10:33:20:3320 [35mhttp[39m: [35mGET /multas/0[39m
2026-01-12 10:33:20:3320 [35mhttp[39m: [35mGET /multas/0 - Status: 400 - 0ms[39m
2026-01-12 10:33:20:3320 [33mwarn[39m: [33mErro na requisição: GET /multas/0 - 400[39m
2026-01-12 10:33:20:3320 [35mhttp[39m: [35mPATCH /multas/0/pagar[39m
2026-01-12 10:33:20:3320 [35mhttp[39m: [35mPATCH /multas/0/pagar - Status: 400 - 1ms[39m
2026-01-12 10:33:20:3320 [33mwarn[39m: [33mErro na requisição: PATCH /multas/0/pagar - 400[39m
2026-01-12 10:33:20:3320 [35mhttp[39m: [35mPOST /livro[39m
2026-01-12 10:33:20:3320 [35mhttp[39m: [35mPOST /livro - Status: 400 - 90ms[39m
2026-01-12 10:33:20:3320 [33mwarn[39m: [33mErro na requisição: POST /livro - 400[39m
2026-01-12 10:33:20:3320 [35mhttp[39m: [35mPOST /multas[39m
2026-01-12 10:33:20:3320 [31merror[39m: [31m[Erro ao criar multa] Could not find the 'data_vencimento' column of 'multa' in the schema cache[39m
2026-01-12 10:33:20:3320 [35mhttp[39m: [35mPOST /multas - Status: 500 - 334ms[39m
2026-01-12 10:33:20:3320 [33mwarn[39m: [33mErro na requisição: POST /multas - 500[39m
2026-01-12 10:35:19:3519 [32minfo[39m: [32m🚀 Servidor rodando na porta 3000[39m
2026-01-12 10:35:19:3519 [32minfo[39m: [32m📍 Health check: http://localhost:3000/health[39m
2026-01-12 10:35:19:3519 [32minfo[39m: [32m📚 Documentação: http://localhost:3000/api-docs[39m
2026-01-12 10:35:20:3520 [35mhttp[39m: [35mGET /health[39m
2026-01-12 10:35:20:3520 [35mhttp[39m: [35mGET /health - Status: 200 - 3ms[39m
2026-01-12 10:35:20:3520 [35mhttp[39m: [35mGET /cliente[39m
2026-01-12 10:35:20:3520 [35mhttp[39m: [35mGET /cliente - Status: 200 - 500ms[39m
2026-01-12 10:35:20:3520 [35mhttp[39m: [35mGET /cliente/cpf/00000000000[39m
2026-01-12 10:35:20:3520 [35mhttp[39m: [35mGET /cliente/cpf/00000000000 - Status: 400 - 1ms[39m
2026-01-12 10:35:20:3520 [33mwarn[39m: [33mErro na requisição: GET /cliente/cpf/00000000000 - 400[39m
2026-01-12 10:35:20:3520 [35mhttp[39m: [35mGET /endereco[39m
2026-01-12 10:35:21:3521 [35mhttp[39m: [35mGET /endereco - Status: 200 - 379ms[39m
2026-01-12 10:35:21:3521 [35mhttp[39m: [35mGET /livro[39m
2026-01-12 10:35:21:3521 [35mhttp[39m: [35mGET /livro - Status: 404 - 172ms[39m
2026-01-12 10:35:21:3521 [33mwarn[39m: [33mErro na requisição: GET /livro - 404[39m
2026-01-12 10:35:21:3521 [35mhttp[39m: [35mGET /livro/autor[39m
2026-01-12 10:35:21:3521 [35mhttp[39m: [35mGET /livro/autor - Status: 404 - 82ms[39m
2026-01-12 10:35:21:3521 [33mwarn[39m: [33mErro na requisição: GET /livro/autor - 404[39m
2026-01-12 10:35:21:3521 [35mhttp[39m: [35mGET /genero[39m
2026-01-12 10:35:21:3521 [35mhttp[39m: [35mGET /genero - Status: 404 - 58ms[39m
2026-01-12 10:35:21:3521 [33mwarn[39m: [33mErro na requisição: GET /genero - 404[39m
2026-01-12 10:35:21:3521 [35mhttp[39m: [35mPOST /cliente[39m
2026-01-12 10:35:21:3521 [35mhttp[39m: [35mPOST /cliente - Status: 400 - 1ms[39m
2026-01-12 10:35:21:3521 [33mwarn[39m: [33mErro na requisição: POST /cliente - 400[39m
2026-01-12 10:35:21:3521 [35mhttp[39m: [35mPOST /reservas[39m
2026-01-12 10:35:21:3521 [33mwarn[39m: [33m❌ Validação falhou - campos obrigatórios faltando[39m
2026-01-12 10:35:21:3521 [35mhttp[39m: [35mPOST /reservas - Status: 400 - 1ms[39m
2026-01-12 10:35:21:3521 [33mwarn[39m: [33mErro na requisição: POST /reservas - 400[39m
2026-01-12 10:35:21:3521 [35mhttp[39m: [35mGET /reservas[39m
2026-01-12 10:35:21:3521 [35mhttp[39m: [35mGET /reservas - Status: 200 - 58ms[39m
2026-01-12 10:35:21:3521 [35mhttp[39m: [35mGET /reservas/0[39m
2026-01-12 10:35:21:3521 [35mhttp[39m: [35mGET /reservas/0 - Status: 404 - 57ms[39m
2026-01-12 10:35:21:3521 [33mwarn[39m: [33mErro na requisição: GET /reservas/0 - 404[39m
2026-01-12 10:35:21:3521 [35mhttp[39m: [35mPUT /reservas/0[39m
2026-01-12 10:35:21:3521 [35mhttp[39m: [35mPUT /reservas/0 - Status: 404 - 52ms[39m
2026-01-12 10:35:21:3521 [33mwarn[39m: [33mErro na requisição: PUT /reservas/0 - 404[39m
2026-01-12 10:35:21:3521 [35mhttp[39m: [35mPATCH /reservas/0[39m
2026-01-12 10:35:21:3521 [35mhttp[39m: [35mPATCH /reservas/0 - Status: 400 - 1ms[39m
2026-01-12 10:35:21:3521 [33mwarn[39m: [33mErro na requisição: PATCH /reservas/0 - 400[39m
2026-01-12 10:35:21:3521 [35mhttp[39m: [35mDELETE /reservas/0[39m
2026-01-12 10:35:21:3521 [35mhttp[39m: [35mDELETE /reservas/0 - Status: 404 - 56ms[39m
2026-01-12 10:35:21:3521 [33mwarn[39m: [33mErro na requisição: DELETE /reservas/0 - 404[39m
2026-01-12 10:35:21:3521 [35mhttp[39m: [35mPOST /devolucoes[39m
2026-01-12 10:35:21:3521 [35mhttp[39m: [35mPOST /devolucoes - Status: 400 - 0ms[39m
2026-01-12 10:35:21:3521 [33mwarn[39m: [33mErro na requisição: POST /devolucoes - 400[39m
2026-01-12 10:35:21:3521 [35mhttp[39m: [35mGET /multas[39m
2026-01-12 10:35:21:3521 [35mhttp[39m: [35mGET /multas - Status: 200 - 55ms[39m
2026-01-12 10:35:21:3521 [35mhttp[39m: [35mGET /multas/0[39m
2026-01-12 10:35:22:3522 [35mhttp[39m: [35mGET /multas/0 - Status: 400 - 1ms[39m
2026-01-12 10:35:22:3522 [33mwarn[39m: [33mErro na requisição: GET /multas/0 - 400[39m
2026-01-12 10:35:22:3522 [35mhttp[39m: [35mPATCH /multas/0/pagar[39m
2026-01-12 10:35:22:3522 [35mhttp[39m: [35mPATCH /multas/0/pagar - Status: 400 - 1ms[39m
2026-01-12 10:35:22:3522 [33mwarn[39m: [33mErro na requisição: PATCH /multas/0/pagar - 400[39m
2026-01-12 10:35:22:3522 [35mhttp[39m: [35mPOST /livro[39m
2026-01-12 10:35:22:3522 [35mhttp[39m: [35mPOST /livro - Status: 400 - 49ms[39m
2026-01-12 10:35:22:3522 [33mwarn[39m: [33mErro na requisição: POST /livro - 400[39m
2026-01-12 10:35:22:3522 [35mhttp[39m: [35mPOST /multas[39m
2026-01-12 10:35:22:3522 [31merror[39m: [31m[Erro ao criar multa] null value in column "MultaID" of relation "multa" violates not-null constraint[39m
2026-01-12 10:35:22:3522 [35mhttp[39m: [35mPOST /multas - Status: 500 - 912ms[39m
2026-01-12 10:35:22:3522 [33mwarn[39m: [33mErro na requisição: POST /multas - 500[39m
2026-01-12 10:36:18:3618 [32minfo[39m: [32m🚀 Servidor rodando na porta 3000[39m
2026-01-12 10:36:18:3618 [32minfo[39m: [32m📍 Health check: http://localhost:3000/health[39m
2026-01-12 10:36:18:3618 [32minfo[39m: [32m📚 Documentação: http://localhost:3000/api-docs[39m
2026-01-12 10:36:20:3620 [35mhttp[39m: [35mGET /health[39m
2026-01-12 10:36:20:3620 [35mhttp[39m: [35mGET /health - Status: 200 - 3ms[39m
2026-01-12 10:36:20:3620 [35mhttp[39m: [35mGET /cliente[39m
2026-01-12 10:36:20:3620 [35mhttp[39m: [35mGET /cliente - Status: 200 - 238ms[39m
2026-01-12 10:36:20:3620 [35mhttp[39m: [35mGET /cliente/cpf/00000000000[39m
2026-01-12 10:36:20:3620 [35mhttp[39m: [35mGET /cliente/cpf/00000000000 - Status: 400 - 1ms[39m
2026-01-12 10:36:20:3620 [33mwarn[39m: [33mErro na requisição: GET /cliente/cpf/00000000000 - 400[39m
2026-01-12 10:36:20:3620 [35mhttp[39m: [35mGET /endereco[39m
2026-01-12 10:36:20:3620 [35mhttp[39m: [35mGET /endereco - Status: 200 - 189ms[39m
2026-01-12 10:36:20:3620 [35mhttp[39m: [35mGET /livro[39m
2026-01-12 10:36:20:3620 [35mhttp[39m: [35mGET /livro - Status: 404 - 181ms[39m
2026-01-12 10:36:20:3620 [33mwarn[39m: [33mErro na requisição: GET /livro - 404[39m
2026-01-12 10:36:20:3620 [35mhttp[39m: [35mGET /livro/autor[39m
2026-01-12 10:36:20:3620 [35mhttp[39m: [35mGET /livro/autor - Status: 404 - 71ms[39m
2026-01-12 10:36:20:3620 [33mwarn[39m: [33mErro na requisição: GET /livro/autor - 404[39m
2026-01-12 10:36:20:3620 [35mhttp[39m: [35mGET /genero[39m
2026-01-12 10:36:20:3620 [35mhttp[39m: [35mGET /genero - Status: 404 - 75ms[39m
2026-01-12 10:36:20:3620 [33mwarn[39m: [33mErro na requisição: GET /genero - 404[39m
2026-01-12 10:36:20:3620 [35mhttp[39m: [35mPOST /cliente[39m
2026-01-12 10:36:20:3620 [35mhttp[39m: [35mPOST /cliente - Status: 400 - 1ms[39m
2026-01-12 10:36:20:3620 [33mwarn[39m: [33mErro na requisição: POST /cliente - 400[39m
2026-01-12 10:36:20:3620 [35mhttp[39m: [35mPOST /reservas[39m
2026-01-12 10:36:20:3620 [33mwarn[39m: [33m❌ Validação falhou - campos obrigatórios faltando[39m
2026-01-12 10:36:20:3620 [35mhttp[39m: [35mPOST /reservas - Status: 400 - 2ms[39m
2026-01-12 10:36:20:3620 [33mwarn[39m: [33mErro na requisição: POST /reservas - 400[39m
2026-01-12 10:36:20:3620 [35mhttp[39m: [35mGET /reservas[39m
2026-01-12 10:36:20:3620 [35mhttp[39m: [35mGET /reservas - Status: 200 - 67ms[39m
2026-01-12 10:36:20:3620 [35mhttp[39m: [35mGET /reservas/0[39m
2026-01-12 10:36:21:3621 [35mhttp[39m: [35mGET /reservas/0 - Status: 404 - 63ms[39m
2026-01-12 10:36:21:3621 [33mwarn[39m: [33mErro na requisição: GET /reservas/0 - 404[39m
2026-01-12 10:36:21:3621 [35mhttp[39m: [35mPUT /reservas/0[39m
2026-01-12 10:36:21:3621 [35mhttp[39m: [35mPUT /reservas/0 - Status: 404 - 62ms[39m
2026-01-12 10:36:21:3621 [33mwarn[39m: [33mErro na requisição: PUT /reservas/0 - 404[39m
2026-01-12 10:36:21:3621 [35mhttp[39m: [35mPATCH /reservas/0[39m
2026-01-12 10:36:21:3621 [35mhttp[39m: [35mPATCH /reservas/0 - Status: 400 - 0ms[39m
2026-01-12 10:36:21:3621 [33mwarn[39m: [33mErro na requisição: PATCH /reservas/0 - 400[39m
2026-01-12 10:36:21:3621 [35mhttp[39m: [35mDELETE /reservas/0[39m
2026-01-12 10:36:21:3621 [35mhttp[39m: [35mDELETE /reservas/0 - Status: 404 - 57ms[39m
2026-01-12 10:36:21:3621 [33mwarn[39m: [33mErro na requisição: DELETE /reservas/0 - 404[39m
2026-01-12 10:36:21:3621 [35mhttp[39m: [35mPOST /devolucoes[39m
2026-01-12 10:36:21:3621 [35mhttp[39m: [35mPOST /devolucoes - Status: 400 - 1ms[39m
2026-01-12 10:36:21:3621 [33mwarn[39m: [33mErro na requisição: POST /devolucoes - 400[39m
2026-01-12 10:36:21:3621 [35mhttp[39m: [35mGET /multas[39m
2026-01-12 10:36:21:3621 [35mhttp[39m: [35mGET /multas - Status: 200 - 66ms[39m
2026-01-12 10:36:21:3621 [35mhttp[39m: [35mGET /multas/0[39m
2026-01-12 10:36:21:3621 [35mhttp[39m: [35mGET /multas/0 - Status: 400 - 0ms[39m
2026-01-12 10:36:21:3621 [33mwarn[39m: [33mErro na requisição: GET /multas/0 - 400[39m
2026-01-12 10:36:21:3621 [35mhttp[39m: [35mPATCH /multas/0/pagar[39m
2026-01-12 10:36:21:3621 [35mhttp[39m: [35mPATCH /multas/0/pagar - Status: 400 - 1ms[39m
2026-01-12 10:36:21:3621 [33mwarn[39m: [33mErro na requisição: PATCH /multas/0/pagar - 400[39m
2026-01-12 10:36:21:3621 [35mhttp[39m: [35mPOST /livro[39m
2026-01-12 10:36:21:3621 [35mhttp[39m: [35mPOST /livro - Status: 400 - 53ms[39m
2026-01-12 10:36:21:3621 [33mwarn[39m: [33mErro na requisição: POST /livro - 400[39m
2026-01-12 10:36:21:3621 [35mhttp[39m: [35mPOST /multas[39m
2026-01-12 10:36:22:3622 [35mhttp[39m: [35mPOST /multas - Status: 201 - 982ms[39m
2026-01-12 11:04:34:434 [32minfo[39m: [32m🚀 Servidor rodando na porta 3000[39m
2026-01-12 11:04:34:434 [32minfo[39m: [32m📍 Health check: http://localhost:3000/health[39m
2026-01-12 11:04:34:434 [32minfo[39m: [32m📚 Documentação: http://localhost:3000/api-docs[39m
2026-01-12 11:04:36:436 [35mhttp[39m: [35mGET /genero[39m
2026-01-12 11:04:37:437 [35mhttp[39m: [35mGET /genero - Status: 200 - 949ms[39m
